{"/home/travis/build/npmtest/node-npmtest-router5/test.js":{"path":"/home/travis/build/npmtest/node-npmtest-router5/test.js","s":{"1":2,"2":2,"3":2,"4":2,"5":2,"6":2,"7":2,"8":1,"9":2,"10":2,"11":1,"12":1,"13":1,"14":1,"15":2,"16":2,"17":2,"18":2,"19":1,"20":1,"21":2,"22":2,"23":2,"24":1,"25":1,"26":1,"27":1,"28":1,"29":1,"30":1,"31":1,"32":1,"33":1,"34":1,"35":1,"36":1,"37":1,"38":1,"39":2,"40":2,"41":1,"42":2,"43":2,"44":1,"45":2,"46":2,"47":1,"48":2,"49":2,"50":1,"51":1,"52":1,"53":1,"54":1},"b":{"1":[2,1,1,1],"2":[1,1,1,1],"3":[1,1],"4":[1,1],"5":[1,1],"6":[1,1],"7":[1,1],"8":[1,1],"9":[1,1],"10":[1,1,1],"11":[1,1],"12":[1,1],"13":[1,1],"14":[1,1],"15":[1,1],"16":[1,1],"17":[1,1]},"f":{"1":2,"2":2,"3":2,"4":2,"5":2,"6":1,"7":1,"8":1,"9":2,"10":2,"11":2,"12":2,"13":1},"fnMap":{"1":{"name":"(anonymous_1)","line":12,"loc":{"start":{"line":12,"column":1},"end":{"line":12,"column":13}}},"2":{"name":"(anonymous_2)","line":19,"loc":{"start":{"line":19,"column":5},"end":{"line":19,"column":17}}},"3":{"name":"(anonymous_3)","line":23,"loc":{"start":{"line":23,"column":24},"end":{"line":23,"column":36}}},"4":{"name":"(anonymous_4)","line":61,"loc":{"start":{"line":61,"column":5},"end":{"line":61,"column":17}}},"5":{"name":"(anonymous_5)","line":82,"loc":{"start":{"line":82,"column":5},"end":{"line":82,"column":17}}},"6":{"name":"(anonymous_6)","line":91,"loc":{"start":{"line":91,"column":77},"end":{"line":94,"column":10}}},"7":{"name":"(anonymous_7)","line":112,"loc":{"start":{"line":112,"column":83},"end":{"line":115,"column":10}},"skip":true},"8":{"name":"(anonymous_8)","line":123,"loc":{"start":{"line":123,"column":77},"end":{"line":126,"column":10}},"skip":true},"9":{"name":"(anonymous_9)","line":139,"loc":{"start":{"line":139,"column":12},"end":{"line":139,"column":40}},"skip":true},"10":{"name":"(anonymous_10)","line":147,"loc":{"start":{"line":147,"column":77},"end":{"line":150,"column":10}},"skip":true},"11":{"name":"(anonymous_11)","line":158,"loc":{"start":{"line":158,"column":83},"end":{"line":161,"column":10}},"skip":true},"12":{"name":"(anonymous_12)","line":169,"loc":{"start":{"line":169,"column":79},"end":{"line":172,"column":10}},"skip":true},"13":{"name":"(anonymous_13)","line":180,"loc":{"start":{"line":180,"column":75},"end":{"line":183,"column":10}},"skip":true}},"statementMap":{"1":{"start":{"line":12,"column":0},"end":{"line":195,"column":5}},"2":{"start":{"line":14,"column":4},"end":{"line":14,"column":14}},"3":{"start":{"line":19,"column":4},"end":{"line":56,"column":9}},"4":{"start":{"line":21,"column":8},"end":{"line":21,"column":19}},"5":{"start":{"line":23,"column":8},"end":{"line":35,"column":13}},"6":{"start":{"line":24,"column":12},"end":{"line":34,"column":13}},"7":{"start":{"line":25,"column":16},"end":{"line":28,"column":30}},"8":{"start":{"line":30,"column":16},"end":{"line":33,"column":27}},"9":{"start":{"line":37,"column":8},"end":{"line":39,"column":21}},"10":{"start":{"line":40,"column":8},"end":{"line":53,"column":9}},"11":{"start":{"line":43,"column":12},"end":{"line":46,"column":14}},"12":{"start":{"line":47,"column":12},"end":{"line":47,"column":18}},"13":{"start":{"line":50,"column":12},"end":{"line":51,"column":33}},"14":{"start":{"line":52,"column":12},"end":{"line":52,"column":18}},"15":{"start":{"line":55,"column":8},"end":{"line":55,"column":35}},"16":{"start":{"line":61,"column":4},"end":{"line":63,"column":9}},"17":{"start":{"line":62,"column":8},"end":{"line":62,"column":15}},"18":{"start":{"line":64,"column":4},"end":{"line":77,"column":5}},"19":{"start":{"line":70,"column":8},"end":{"line":70,"column":14}},"20":{"start":{"line":76,"column":8},"end":{"line":76,"column":14}},"21":{"start":{"line":82,"column":4},"end":{"line":84,"column":9}},"22":{"start":{"line":83,"column":8},"end":{"line":83,"column":15}},"23":{"start":{"line":85,"column":4},"end":{"line":194,"column":5}},"24":{"start":{"line":91,"column":8},"end":{"line":99,"column":10}},"25":{"start":{"line":98,"column":12},"end":{"line":98,"column":35}},"26":{"start":{"line":102,"column":8},"end":{"line":104,"column":63}},"27":{"start":{"line":105,"column":8},"end":{"line":105,"column":14}},"28":{"start":{"line":112,"column":8},"end":{"line":121,"column":10},"skip":true},"29":{"start":{"line":119,"column":12},"end":{"line":119,"column":55},"skip":true},"30":{"start":{"line":120,"column":12},"end":{"line":120,"column":48},"skip":true},"31":{"start":{"line":123,"column":8},"end":{"line":136,"column":10},"skip":true},"32":{"start":{"line":130,"column":12},"end":{"line":130,"column":76},"skip":true},"33":{"start":{"line":131,"column":12},"end":{"line":131,"column":73},"skip":true},"34":{"start":{"line":132,"column":12},"end":{"line":132,"column":74},"skip":true},"35":{"start":{"line":133,"column":12},"end":{"line":133,"column":79},"skip":true},"36":{"start":{"line":134,"column":12},"end":{"line":134,"column":25},"skip":true},"37":{"start":{"line":135,"column":12},"end":{"line":135,"column":45},"skip":true},"38":{"start":{"line":138,"column":8},"end":{"line":145,"column":14},"skip":true},"39":{"start":{"line":143,"column":16},"end":{"line":143,"column":29},"skip":true},"40":{"start":{"line":144,"column":16},"end":{"line":144,"column":55},"skip":true},"41":{"start":{"line":147,"column":8},"end":{"line":156,"column":10},"skip":true},"42":{"start":{"line":154,"column":12},"end":{"line":154,"column":25},"skip":true},"43":{"start":{"line":155,"column":12},"end":{"line":155,"column":45},"skip":true},"44":{"start":{"line":158,"column":8},"end":{"line":167,"column":10},"skip":true},"45":{"start":{"line":165,"column":12},"end":{"line":165,"column":25},"skip":true},"46":{"start":{"line":166,"column":12},"end":{"line":166,"column":48},"skip":true},"47":{"start":{"line":169,"column":8},"end":{"line":178,"column":10},"skip":true},"48":{"start":{"line":176,"column":12},"end":{"line":176,"column":25},"skip":true},"49":{"start":{"line":177,"column":12},"end":{"line":177,"column":46},"skip":true},"50":{"start":{"line":180,"column":8},"end":{"line":189,"column":10},"skip":true},"51":{"start":{"line":187,"column":12},"end":{"line":187,"column":94},"skip":true},"52":{"start":{"line":188,"column":12},"end":{"line":188,"column":48},"skip":true},"53":{"start":{"line":192,"column":8},"end":{"line":192,"column":35},"skip":true},"54":{"start":{"line":193,"column":8},"end":{"line":193,"column":14},"skip":true}},"branchMap":{"1":{"line":25,"type":"binary-expr","locations":[{"start":{"line":25,"column":23},"end":{"line":25,"column":62}},{"start":{"line":26,"column":20},"end":{"line":26,"column":70}},{"start":{"line":27,"column":20},"end":{"line":27,"column":71}},{"start":{"line":28,"column":20},"end":{"line":28,"column":29}}]},"2":{"line":30,"type":"binary-expr","locations":[{"start":{"line":30,"column":23},"end":{"line":30,"column":37}},{"start":{"line":31,"column":20},"end":{"line":31,"column":61}},{"start":{"line":32,"column":20},"end":{"line":32,"column":70}},{"start":{"line":33,"column":20},"end":{"line":33,"column":26}}]},"3":{"line":37,"type":"cond-expr","locations":[{"start":{"line":38,"column":14},"end":{"line":38,"column":20}},{"start":{"line":39,"column":14},"end":{"line":39,"column":20}}]},"4":{"line":40,"type":"switch","locations":[{"start":{"line":42,"column":8},"end":{"line":47,"column":18}},{"start":{"line":49,"column":8},"end":{"line":52,"column":18}}]},"5":{"line":44,"type":"binary-expr","locations":[{"start":{"line":44,"column":16},"end":{"line":44,"column":44}},{"start":{"line":44,"column":48},"end":{"line":44,"column":66}}]},"6":{"line":50,"type":"binary-expr","locations":[{"start":{"line":50,"column":21},"end":{"line":50,"column":49}},{"start":{"line":50,"column":53},"end":{"line":50,"column":72}}]},"7":{"line":64,"type":"switch","locations":[{"start":{"line":69,"column":4},"end":{"line":70,"column":14}},{"start":{"line":75,"column":4},"end":{"line":76,"column":14}}]},"8":{"line":85,"type":"switch","locations":[{"start":{"line":90,"column":4},"end":{"line":105,"column":14}},{"start":{"line":111,"column":4},"end":{"line":193,"column":14},"skip":true}]},"9":{"line":91,"type":"binary-expr","locations":[{"start":{"line":91,"column":42},"end":{"line":91,"column":73}},{"start":{"line":91,"column":77},"end":{"line":99,"column":9}}]},"10":{"line":102,"type":"binary-expr","locations":[{"start":{"line":102,"column":18},"end":{"line":102,"column":32}},{"start":{"line":103,"column":12},"end":{"line":103,"column":53}},{"start":{"line":104,"column":12},"end":{"line":104,"column":61}}]},"11":{"line":112,"type":"binary-expr","locations":[{"start":{"line":112,"column":45},"end":{"line":112,"column":79},"skip":true},{"start":{"line":112,"column":83},"end":{"line":121,"column":9},"skip":true}]},"12":{"line":123,"type":"binary-expr","locations":[{"start":{"line":123,"column":42},"end":{"line":123,"column":73},"skip":true},{"start":{"line":123,"column":77},"end":{"line":136,"column":9},"skip":true}]},"13":{"line":138,"type":"binary-expr","locations":[{"start":{"line":138,"column":48},"end":{"line":138,"column":85},"skip":true},{"start":{"line":139,"column":12},"end":{"line":145,"column":13},"skip":true}]},"14":{"line":147,"type":"binary-expr","locations":[{"start":{"line":147,"column":42},"end":{"line":147,"column":73},"skip":true},{"start":{"line":147,"column":77},"end":{"line":156,"column":9},"skip":true}]},"15":{"line":158,"type":"binary-expr","locations":[{"start":{"line":158,"column":45},"end":{"line":158,"column":79},"skip":true},{"start":{"line":158,"column":83},"end":{"line":167,"column":9},"skip":true}]},"16":{"line":169,"type":"binary-expr","locations":[{"start":{"line":169,"column":43},"end":{"line":169,"column":75},"skip":true},{"start":{"line":169,"column":79},"end":{"line":178,"column":9},"skip":true}]},"17":{"line":180,"type":"binary-expr","locations":[{"start":{"line":180,"column":41},"end":{"line":180,"column":71},"skip":true},{"start":{"line":180,"column":75},"end":{"line":189,"column":9},"skip":true}]}},"code":["/* istanbul instrument in package npmtest_router5 */","/*jslint","    bitwise: true,","    browser: true,","    maxerr: 8,","    maxlen: 96,","    node: true,","    nomen: true,","    regexp: true,","    stupid: true","*/","(function () {","    'use strict';","    var local;","","","","    // run shared js-env code - pre-init","    (function () {","        // init local","        local = {};","        // init modeJs","        local.modeJs = (function () {","            try {","                return typeof navigator.userAgent === 'string' &&","                    typeof document.querySelector('body') === 'object' &&","                    typeof XMLHttpRequest.prototype.open === 'function' &&","                    'browser';","            } catch (errorCaughtBrowser) {","                return module.exports &&","                    typeof process.versions.node === 'string' &&","                    typeof require('http').createServer === 'function' &&","                    'node';","            }","        }());","        // init global","        local.global = local.modeJs === 'browser'","            ? window","            : global;","        switch (local.modeJs) {","        // re-init local from window.local","        case 'browser':","            local = local.global.utility2.objectSetDefault(","                local.global.utility2_rollup || local.global.local,","                local.global.utility2","            );","            break;","        // re-init local from example.js","        case 'node':","            local = (local.global.utility2_rollup || require('utility2'))","                .requireReadme();","            break;","        }","        // export local","        local.global.local = local;","    }());","","","","    // run shared js-env code - function","    (function () {","        return;","    }());","    switch (local.modeJs) {","","","","    // run browser js-env code - function","    case 'browser':","        break;","","","","    // run node js-env code - function","    case 'node':","        break;","    }","","","","    // run shared js-env code - post-init","    (function () {","        return;","    }());","    switch (local.modeJs) {","","","","    // run browser js-env code - post-init","    case 'browser':","        local.testCase_browser_nullCase = local.testCase_browser_nullCase || function (","            options,","            onError","        ) {","        /*","         * this function will test browsers's null-case handling-behavior-behavior","         */","            onError(null, options);","        };","","        // run tests","        local.nop(local.modeTest &&","            document.querySelector('#testRunButton1') &&","            document.querySelector('#testRunButton1').click());","        break;","","","","    // run node js-env code - post-init","    /* istanbul ignore next */","    case 'node':","        local.testCase_buildApidoc_default = local.testCase_buildApidoc_default || function (","            options,","            onError","        ) {","        /*","         * this function will test buildApidoc's default handling-behavior-behavior","         */","            options = { modulePathList: module.paths };","            local.buildApidoc(options, onError);","        };","","        local.testCase_buildApp_default = local.testCase_buildApp_default || function (","            options,","            onError","        ) {","        /*","         * this function will test buildApp's default handling-behavior-behavior","         */","            local.testCase_buildReadme_default(options, local.onErrorThrow);","            local.testCase_buildLib_default(options, local.onErrorThrow);","            local.testCase_buildTest_default(options, local.onErrorThrow);","            local.testCase_buildCustomOrg_default(options, local.onErrorThrow);","            options = [];","            local.buildApp(options, onError);","        };","","        local.testCase_buildCustomOrg_default = local.testCase_buildCustomOrg_default ||","            function (options, onError) {","            /*","             * this function will test buildCustomOrg's default handling-behavior","             */","                options = {};","                local.buildCustomOrg(options, onError);","            };","","        local.testCase_buildLib_default = local.testCase_buildLib_default || function (","            options,","            onError","        ) {","        /*","         * this function will test buildLib's default handling-behavior","         */","            options = {};","            local.buildLib(options, onError);","        };","","        local.testCase_buildReadme_default = local.testCase_buildReadme_default || function (","            options,","            onError","        ) {","        /*","         * this function will test buildReadme's default handling-behavior-behavior","         */","            options = {};","            local.buildReadme(options, onError);","        };","","        local.testCase_buildTest_default = local.testCase_buildTest_default || function (","            options,","            onError","        ) {","        /*","         * this function will test buildTest's default handling-behavior","         */","            options = {};","            local.buildTest(options, onError);","        };","","        local.testCase_webpage_default = local.testCase_webpage_default || function (","            options,","            onError","        ) {","        /*","         * this function will test webpage's default handling-behavior","         */","            options = { modeCoverageMerge: true, url: local.serverLocalHost + '?modeTest=1' };","            local.browserTest(options, onError);","        };","","        // run test-server","        local.testRunServer(local);","        break;","    }","}());",""],"l":{"12":2,"14":2,"19":2,"21":2,"23":2,"24":2,"25":2,"30":1,"37":2,"40":2,"43":1,"47":1,"50":1,"52":1,"55":2,"61":2,"62":2,"64":2,"70":1,"76":1,"82":2,"83":2,"85":2,"91":1,"98":1,"102":1,"105":1,"112":1,"119":1,"120":1,"123":1,"130":1,"131":1,"132":1,"133":1,"134":1,"135":1,"138":1,"143":2,"144":2,"147":1,"154":2,"155":2,"158":1,"165":2,"166":2,"169":1,"176":2,"177":2,"180":1,"187":1,"188":1,"192":1,"193":1}},"/home/travis/build/npmtest/node-npmtest-router5/lib.npmtest_router5.js":{"path":"/home/travis/build/npmtest/node-npmtest-router5/lib.npmtest_router5.js","s":{"1":2,"2":2,"3":2,"4":2,"5":2,"6":2,"7":2,"8":1,"9":2,"10":2,"11":2,"12":2,"13":1,"14":1,"15":1,"16":1},"b":{"1":[2,1,1,1],"2":[1,1,1,1],"3":[1,1],"4":[2,2],"5":[1,1]},"f":{"1":2,"2":2,"3":2},"fnMap":{"1":{"name":"(anonymous_1)","line":12,"loc":{"start":{"line":12,"column":1},"end":{"line":12,"column":13}}},"2":{"name":"(anonymous_2)","line":19,"loc":{"start":{"line":19,"column":5},"end":{"line":19,"column":17}}},"3":{"name":"(anonymous_3)","line":23,"loc":{"start":{"line":23,"column":24},"end":{"line":23,"column":36}}}},"statementMap":{"1":{"start":{"line":12,"column":0},"end":{"line":53,"column":5}},"2":{"start":{"line":14,"column":4},"end":{"line":14,"column":14}},"3":{"start":{"line":19,"column":4},"end":{"line":52,"column":9}},"4":{"start":{"line":21,"column":8},"end":{"line":21,"column":19}},"5":{"start":{"line":23,"column":8},"end":{"line":35,"column":13}},"6":{"start":{"line":24,"column":12},"end":{"line":34,"column":13}},"7":{"start":{"line":25,"column":16},"end":{"line":28,"column":30}},"8":{"start":{"line":30,"column":16},"end":{"line":33,"column":27}},"9":{"start":{"line":37,"column":8},"end":{"line":39,"column":21}},"10":{"start":{"line":41,"column":8},"end":{"line":41,"column":54}},"11":{"start":{"line":43,"column":8},"end":{"line":43,"column":52}},"12":{"start":{"line":45,"column":8},"end":{"line":51,"column":9}},"13":{"start":{"line":46,"column":12},"end":{"line":46,"column":58}},"14":{"start":{"line":48,"column":12},"end":{"line":48,"column":35}},"15":{"start":{"line":49,"column":12},"end":{"line":49,"column":49}},"16":{"start":{"line":50,"column":12},"end":{"line":50,"column":43}}},"branchMap":{"1":{"line":25,"type":"binary-expr","locations":[{"start":{"line":25,"column":23},"end":{"line":25,"column":62}},{"start":{"line":26,"column":20},"end":{"line":26,"column":70}},{"start":{"line":27,"column":20},"end":{"line":27,"column":71}},{"start":{"line":28,"column":20},"end":{"line":28,"column":29}}]},"2":{"line":30,"type":"binary-expr","locations":[{"start":{"line":30,"column":23},"end":{"line":30,"column":37}},{"start":{"line":31,"column":20},"end":{"line":31,"column":61}},{"start":{"line":32,"column":20},"end":{"line":32,"column":70}},{"start":{"line":33,"column":20},"end":{"line":33,"column":26}}]},"3":{"line":37,"type":"cond-expr","locations":[{"start":{"line":38,"column":14},"end":{"line":38,"column":20}},{"start":{"line":39,"column":14},"end":{"line":39,"column":20}}]},"4":{"line":41,"type":"binary-expr","locations":[{"start":{"line":41,"column":16},"end":{"line":41,"column":44}},{"start":{"line":41,"column":48},"end":{"line":41,"column":53}}]},"5":{"line":45,"type":"if","locations":[{"start":{"line":45,"column":8},"end":{"line":45,"column":8}},{"start":{"line":45,"column":8},"end":{"line":45,"column":8}}]}},"code":["/* istanbul instrument in package npmtest_router5 */","/*jslint","    bitwise: true,","    browser: true,","    maxerr: 8,","    maxlen: 96,","    node: true,","    nomen: true,","    regexp: true,","    stupid: true","*/","(function () {","    'use strict';","    var local;","","","","    // run shared js-env code - pre-init","    (function () {","        // init local","        local = {};","        // init modeJs","        local.modeJs = (function () {","            try {","                return typeof navigator.userAgent === 'string' &&","                    typeof document.querySelector('body') === 'object' &&","                    typeof XMLHttpRequest.prototype.open === 'function' &&","                    'browser';","            } catch (errorCaughtBrowser) {","                return module.exports &&","                    typeof process.versions.node === 'string' &&","                    typeof require('http').createServer === 'function' &&","                    'node';","            }","        }());","        // init global","        local.global = local.modeJs === 'browser'","            ? window","            : global;","        // init utility2_rollup","        local = local.global.utility2_rollup || local;","        // init lib","        local.local = local.npmtest_router5 = local;","        // init exports","        if (local.modeJs === 'browser') {","            local.global.utility2_npmtest_router5 = local;","        } else {","            module.exports = local;","            module.exports.__dirname = __dirname;","            module.exports.module = module;","        }","    }());","}());",""],"l":{"12":2,"14":2,"19":2,"21":2,"23":2,"24":2,"25":2,"30":1,"37":2,"41":2,"43":2,"45":2,"46":1,"48":1,"49":1,"50":1}},"/home/travis/build/npmtest/node-npmtest-router5/example.js":{"path":"/home/travis/build/npmtest/node-npmtest-router5/example.js","s":{"1":2,"2":2,"3":2,"4":2,"5":2,"6":2,"7":2,"8":1,"9":2,"10":2,"11":2,"12":2,"13":1,"14":2,"15":2,"16":2,"17":2,"18":2,"19":0,"20":2,"21":1,"22":1,"23":1,"24":1,"25":1,"26":0,"27":0,"28":1,"29":1,"30":2,"31":0,"32":0,"33":0,"34":1,"35":2,"36":2,"37":3,"38":3,"39":3,"40":3,"41":0,"42":3,"43":3,"44":3,"45":1,"46":3,"47":1,"48":1,"49":1,"50":1,"51":1,"52":1,"53":1,"54":1,"55":1,"56":1,"57":0,"58":1,"59":6,"60":6,"61":1,"62":2,"63":0,"64":2,"65":1,"66":1,"67":0,"68":0,"69":0,"70":0,"71":0,"72":0,"73":0,"74":0,"75":0,"76":0,"77":0,"78":0,"79":0,"80":0,"81":0,"82":0,"83":0},"b":{"1":[2,1,1,1],"2":[1,1,1,1],"3":[1,1],"4":[2,2],"5":[1,1],"6":[1,1],"7":[2,0],"8":[2,1,1,1,1,1],"9":[0,2,0],"10":[1,1],"11":[2,1,1],"12":[1,0],"13":[0,2],"14":[2,0,0,0,0,0,0],"15":[0,3],"16":[3,0],"17":[1,1],"18":[0,1],"19":[1,2,0,2],"20":[1,0],"21":[1,1],"22":[0,0],"23":[0,0],"24":[0,0],"25":[0,0],"26":[0,0],"27":[0,0],"28":[0,0]},"f":{"1":2,"2":2,"3":2,"4":2,"5":2,"6":2,"7":3,"8":3,"9":3,"10":1,"11":6,"12":0},"fnMap":{"1":{"name":"(anonymous_1)","line":26,"loc":{"start":{"line":26,"column":1},"end":{"line":26,"column":13}}},"2":{"name":"(anonymous_2)","line":33,"loc":{"start":{"line":33,"column":5},"end":{"line":33,"column":17}}},"3":{"name":"(anonymous_3)","line":37,"loc":{"start":{"line":37,"column":24},"end":{"line":37,"column":36}}},"4":{"name":"(anonymous_4)","line":69,"loc":{"start":{"line":69,"column":31},"end":{"line":69,"column":48}},"skip":true},"5":{"name":"(anonymous_5)","line":78,"loc":{"start":{"line":78,"column":26},"end":{"line":78,"column":45}},"skip":true},"6":{"name":"(anonymous_6)","line":123,"loc":{"start":{"line":123,"column":33},"end":{"line":123,"column":48}},"skip":true},"7":{"name":"(anonymous_7)","line":125,"loc":{"start":{"line":125,"column":27},"end":{"line":125,"column":39}},"skip":true},"8":{"name":"(anonymous_8)","line":133,"loc":{"start":{"line":133,"column":59},"end":{"line":133,"column":74}},"skip":true},"9":{"name":"(anonymous_9)","line":143,"loc":{"start":{"line":143,"column":45},"end":{"line":143,"column":62}},"skip":true},"10":{"name":"(anonymous_10)","line":144,"loc":{"start":{"line":144,"column":73},"end":{"line":144,"column":92}},"skip":true},"11":{"name":"(anonymous_11)","line":272,"loc":{"start":{"line":272,"column":51},"end":{"line":272,"column":77}},"skip":true},"12":{"name":"(anonymous_12)","line":315,"loc":{"start":{"line":315,"column":32},"end":{"line":315,"column":61}},"skip":true}},"statementMap":{"1":{"start":{"line":26,"column":0},"end":{"line":326,"column":5}},"2":{"start":{"line":28,"column":4},"end":{"line":28,"column":14}},"3":{"start":{"line":33,"column":4},"end":{"line":60,"column":9}},"4":{"start":{"line":35,"column":8},"end":{"line":35,"column":19}},"5":{"start":{"line":37,"column":8},"end":{"line":49,"column":13}},"6":{"start":{"line":38,"column":12},"end":{"line":48,"column":13}},"7":{"start":{"line":39,"column":16},"end":{"line":42,"column":30}},"8":{"start":{"line":44,"column":16},"end":{"line":47,"column":27}},"9":{"start":{"line":51,"column":8},"end":{"line":53,"column":21}},"10":{"start":{"line":55,"column":8},"end":{"line":57,"column":45}},"11":{"start":{"line":59,"column":8},"end":{"line":59,"column":35}},"12":{"start":{"line":61,"column":4},"end":{"line":325,"column":5}},"13":{"start":{"line":69,"column":8},"end":{"line":121,"column":10},"skip":true},"14":{"start":{"line":70,"column":12},"end":{"line":88,"column":13},"skip":true},"15":{"start":{"line":76,"column":16},"end":{"line":87,"column":19},"skip":true},"16":{"start":{"line":79,"column":20},"end":{"line":86,"column":21},"skip":true},"17":{"start":{"line":82,"column":24},"end":{"line":82,"column":43},"skip":true},"18":{"start":{"line":83,"column":24},"end":{"line":83,"column":30},"skip":true},"19":{"start":{"line":85,"column":24},"end":{"line":85,"column":49},"skip":true},"20":{"start":{"line":89,"column":12},"end":{"line":107,"column":13},"skip":true},"21":{"start":{"line":92,"column":16},"end":{"line":102,"column":17},"skip":true},"22":{"start":{"line":93,"column":20},"end":{"line":93,"column":86},"skip":true},"23":{"start":{"line":94,"column":20},"end":{"line":95,"column":45},"skip":true},"24":{"start":{"line":96,"column":20},"end":{"line":96,"column":42},"skip":true},"25":{"start":{"line":97,"column":20},"end":{"line":97,"column":48},"skip":true},"26":{"start":{"line":100,"column":20},"end":{"line":100,"column":85},"skip":true},"27":{"start":{"line":101,"column":20},"end":{"line":101,"column":96},"skip":true},"28":{"start":{"line":103,"column":16},"end":{"line":103,"column":22},"skip":true},"29":{"start":{"line":106,"column":16},"end":{"line":106,"column":22},"skip":true},"30":{"start":{"line":108,"column":12},"end":{"line":120,"column":13},"skip":true},"31":{"start":{"line":114,"column":16},"end":{"line":119,"column":17},"skip":true},"32":{"start":{"line":116,"column":20},"end":{"line":116,"column":78},"skip":true},"33":{"start":{"line":118,"column":20},"end":{"line":118,"column":47},"skip":true},"34":{"start":{"line":123,"column":8},"end":{"line":141,"column":11},"skip":true},"35":{"start":{"line":124,"column":12},"end":{"line":124,"column":54},"skip":true},"36":{"start":{"line":125,"column":12},"end":{"line":140,"column":14},"skip":true},"37":{"start":{"line":126,"column":16},"end":{"line":126,"column":28},"skip":true},"38":{"start":{"line":127,"column":16},"end":{"line":127,"column":69},"skip":true},"39":{"start":{"line":128,"column":16},"end":{"line":128,"column":75},"skip":true},"40":{"start":{"line":129,"column":16},"end":{"line":131,"column":17},"skip":true},"41":{"start":{"line":130,"column":20},"end":{"line":130,"column":27},"skip":true},"42":{"start":{"line":133,"column":16},"end":{"line":137,"column":36},"skip":true},"43":{"start":{"line":134,"column":20},"end":{"line":136,"column":55},"skip":true},"44":{"start":{"line":139,"column":16},"end":{"line":139,"column":57},"skip":true},"45":{"start":{"line":143,"column":8},"end":{"line":147,"column":11},"skip":true},"46":{"start":{"line":144,"column":12},"end":{"line":146,"column":15},"skip":true},"47":{"start":{"line":145,"column":16},"end":{"line":145,"column":70},"skip":true},"48":{"start":{"line":149,"column":8},"end":{"line":149,"column":31},"skip":true},"49":{"start":{"line":150,"column":8},"end":{"line":150,"column":14},"skip":true},"50":{"start":{"line":158,"column":8},"end":{"line":158,"column":31},"skip":true},"51":{"start":{"line":160,"column":8},"end":{"line":160,"column":33},"skip":true},"52":{"start":{"line":161,"column":8},"end":{"line":161,"column":37},"skip":true},"53":{"start":{"line":162,"column":8},"end":{"line":162,"column":35},"skip":true},"54":{"start":{"line":164,"column":8},"end":{"line":164,"column":50},"skip":true},"55":{"start":{"line":166,"column":8},"end":{"line":256,"column":2},"skip":true},"56":{"start":{"line":258,"column":8},"end":{"line":286,"column":9},"skip":true},"57":{"start":{"line":259,"column":12},"end":{"line":269,"column":14},"skip":true},"58":{"start":{"line":271,"column":12},"end":{"line":285,"column":19},"skip":true},"59":{"start":{"line":274,"column":20},"end":{"line":274,"column":35},"skip":true},"60":{"start":{"line":275,"column":20},"end":{"line":284,"column":21},"skip":true},"61":{"start":{"line":277,"column":24},"end":{"line":277,"column":64},"skip":true},"62":{"start":{"line":279,"column":24},"end":{"line":279,"column":40},"skip":true},"63":{"start":{"line":281,"column":24},"end":{"line":281,"column":40},"skip":true},"64":{"start":{"line":283,"column":24},"end":{"line":283,"column":39},"skip":true},"65":{"start":{"line":288,"column":8},"end":{"line":290,"column":9},"skip":true},"66":{"start":{"line":289,"column":12},"end":{"line":289,"column":18},"skip":true},"67":{"start":{"line":291,"column":8},"end":{"line":293,"column":54},"skip":true},"68":{"start":{"line":296,"column":8},"end":{"line":301,"column":37},"skip":true},"69":{"start":{"line":303,"column":8},"end":{"line":303,"column":82},"skip":true},"70":{"start":{"line":306,"column":8},"end":{"line":308,"column":9},"skip":true},"71":{"start":{"line":307,"column":12},"end":{"line":307,"column":82},"skip":true},"72":{"start":{"line":310,"column":8},"end":{"line":312,"column":9},"skip":true},"73":{"start":{"line":311,"column":12},"end":{"line":311,"column":18},"skip":true},"74":{"start":{"line":313,"column":8},"end":{"line":313,"column":54},"skip":true},"75":{"start":{"line":314,"column":8},"end":{"line":314,"column":69},"skip":true},"76":{"start":{"line":315,"column":8},"end":{"line":323,"column":36},"skip":true},"77":{"start":{"line":316,"column":12},"end":{"line":316,"column":61},"skip":true},"78":{"start":{"line":317,"column":12},"end":{"line":320,"column":13},"skip":true},"79":{"start":{"line":318,"column":16},"end":{"line":318,"column":75},"skip":true},"80":{"start":{"line":319,"column":16},"end":{"line":319,"column":23},"skip":true},"81":{"start":{"line":321,"column":12},"end":{"line":321,"column":38},"skip":true},"82":{"start":{"line":322,"column":12},"end":{"line":322,"column":27},"skip":true},"83":{"start":{"line":324,"column":8},"end":{"line":324,"column":14},"skip":true}},"branchMap":{"1":{"line":39,"type":"binary-expr","locations":[{"start":{"line":39,"column":23},"end":{"line":39,"column":62}},{"start":{"line":40,"column":20},"end":{"line":40,"column":70}},{"start":{"line":41,"column":20},"end":{"line":41,"column":71}},{"start":{"line":42,"column":20},"end":{"line":42,"column":29}}]},"2":{"line":44,"type":"binary-expr","locations":[{"start":{"line":44,"column":23},"end":{"line":44,"column":37}},{"start":{"line":45,"column":20},"end":{"line":45,"column":61}},{"start":{"line":46,"column":20},"end":{"line":46,"column":70}},{"start":{"line":47,"column":20},"end":{"line":47,"column":26}}]},"3":{"line":51,"type":"cond-expr","locations":[{"start":{"line":52,"column":14},"end":{"line":52,"column":20}},{"start":{"line":53,"column":14},"end":{"line":53,"column":20}}]},"4":{"line":55,"type":"binary-expr","locations":[{"start":{"line":55,"column":16},"end":{"line":55,"column":44}},{"start":{"line":55,"column":49},"end":{"line":57,"column":43}}]},"5":{"line":55,"type":"cond-expr","locations":[{"start":{"line":56,"column":14},"end":{"line":56,"column":51}},{"start":{"line":57,"column":14},"end":{"line":57,"column":43}}]},"6":{"line":61,"type":"switch","locations":[{"start":{"line":68,"column":4},"end":{"line":150,"column":14},"skip":true},{"start":{"line":156,"column":4},"end":{"line":324,"column":14},"skip":true}]},"7":{"line":70,"type":"if","locations":[{"start":{"line":70,"column":12},"end":{"line":70,"column":12},"skip":true},{"start":{"line":70,"column":12},"end":{"line":70,"column":12},"skip":true}]},"8":{"line":70,"type":"binary-expr","locations":[{"start":{"line":70,"column":16},"end":{"line":70,"column":22},"skip":true},{"start":{"line":70,"column":27},"end":{"line":70,"column":32},"skip":true},{"start":{"line":71,"column":20},"end":{"line":71,"column":39},"skip":true},{"start":{"line":72,"column":20},"end":{"line":72,"column":49},"skip":true},{"start":{"line":73,"column":20},"end":{"line":73,"column":58},"skip":true},{"start":{"line":74,"column":20},"end":{"line":74,"column":69},"skip":true}]},"9":{"line":79,"type":"switch","locations":[{"start":{"line":80,"column":20},"end":{"line":80,"column":33},"skip":true},{"start":{"line":81,"column":20},"end":{"line":83,"column":30},"skip":true},{"start":{"line":84,"column":20},"end":{"line":85,"column":49},"skip":true}]},"10":{"line":89,"type":"switch","locations":[{"start":{"line":90,"column":12},"end":{"line":103,"column":22},"skip":true},{"start":{"line":105,"column":12},"end":{"line":106,"column":22},"skip":true}]},"11":{"line":89,"type":"binary-expr","locations":[{"start":{"line":89,"column":20},"end":{"line":89,"column":25},"skip":true},{"start":{"line":89,"column":29},"end":{"line":89,"column":48},"skip":true},{"start":{"line":89,"column":52},"end":{"line":89,"column":74},"skip":true}]},"12":{"line":92,"type":"if","locations":[{"start":{"line":92,"column":16},"end":{"line":92,"column":16},"skip":true},{"start":{"line":92,"column":16},"end":{"line":92,"column":16},"skip":true}]},"13":{"line":108,"type":"if","locations":[{"start":{"line":108,"column":12},"end":{"line":108,"column":12},"skip":true},{"start":{"line":108,"column":12},"end":{"line":108,"column":12},"skip":true}]},"14":{"line":108,"type":"binary-expr","locations":[{"start":{"line":108,"column":16},"end":{"line":108,"column":61},"skip":true},{"start":{"line":108,"column":66},"end":{"line":108,"column":72},"skip":true},{"start":{"line":108,"column":77},"end":{"line":108,"column":82},"skip":true},{"start":{"line":109,"column":20},"end":{"line":109,"column":39},"skip":true},{"start":{"line":110,"column":20},"end":{"line":110,"column":49},"skip":true},{"start":{"line":111,"column":20},"end":{"line":111,"column":58},"skip":true},{"start":{"line":112,"column":20},"end":{"line":112,"column":68},"skip":true}]},"15":{"line":129,"type":"if","locations":[{"start":{"line":129,"column":16},"end":{"line":129,"column":16},"skip":true},{"start":{"line":129,"column":16},"end":{"line":129,"column":16},"skip":true}]},"16":{"line":134,"type":"cond-expr","locations":[{"start":{"line":135,"column":26},"end":{"line":135,"column":29},"skip":true},{"start":{"line":136,"column":26},"end":{"line":136,"column":54},"skip":true}]},"17":{"line":164,"type":"binary-expr","locations":[{"start":{"line":164,"column":27},"end":{"line":164,"column":43},"skip":true},{"start":{"line":164,"column":47},"end":{"line":164,"column":49},"skip":true}]},"18":{"line":258,"type":"if","locations":[{"start":{"line":258,"column":8},"end":{"line":258,"column":8},"skip":true},{"start":{"line":258,"column":8},"end":{"line":258,"column":8},"skip":true}]},"19":{"line":275,"type":"switch","locations":[{"start":{"line":276,"column":20},"end":{"line":277,"column":64},"skip":true},{"start":{"line":278,"column":20},"end":{"line":279,"column":40},"skip":true},{"start":{"line":280,"column":20},"end":{"line":281,"column":40},"skip":true},{"start":{"line":282,"column":20},"end":{"line":283,"column":39},"skip":true}]},"20":{"line":288,"type":"if","locations":[{"start":{"line":288,"column":8},"end":{"line":288,"column":8},"skip":true},{"start":{"line":288,"column":8},"end":{"line":288,"column":8},"skip":true}]},"21":{"line":288,"type":"binary-expr","locations":[{"start":{"line":288,"column":12},"end":{"line":288,"column":40},"skip":true},{"start":{"line":288,"column":44},"end":{"line":288,"column":67},"skip":true}]},"22":{"line":292,"type":"binary-expr","locations":[{"start":{"line":292,"column":12},"end":{"line":292,"column":50},"skip":true},{"start":{"line":293,"column":12},"end":{"line":293,"column":53},"skip":true}]},"23":{"line":297,"type":"binary-expr","locations":[{"start":{"line":297,"column":12},"end":{"line":297,"column":65},"skip":true},{"start":{"line":298,"column":12},"end":{"line":301,"column":36},"skip":true}]},"24":{"line":303,"type":"binary-expr","locations":[{"start":{"line":303,"column":43},"end":{"line":303,"column":75},"skip":true},{"start":{"line":303,"column":79},"end":{"line":303,"column":81},"skip":true}]},"25":{"line":306,"type":"if","locations":[{"start":{"line":306,"column":8},"end":{"line":306,"column":8},"skip":true},{"start":{"line":306,"column":8},"end":{"line":306,"column":8},"skip":true}]},"26":{"line":310,"type":"if","locations":[{"start":{"line":310,"column":8},"end":{"line":310,"column":8},"skip":true},{"start":{"line":310,"column":8},"end":{"line":310,"column":8},"skip":true}]},"27":{"line":313,"type":"binary-expr","locations":[{"start":{"line":313,"column":27},"end":{"line":313,"column":43},"skip":true},{"start":{"line":313,"column":47},"end":{"line":313,"column":53},"skip":true}]},"28":{"line":317,"type":"if","locations":[{"start":{"line":317,"column":12},"end":{"line":317,"column":12},"skip":true},{"start":{"line":317,"column":12},"end":{"line":317,"column":12},"skip":true}]}},"code":["/*","example.js","","quickstart example","","instruction","    1. save this script as example.js","    2. run the shell command:","        $ npm install npmtest-router5 && PORT=8081 node example.js","    3. play with the browser-demo on http://127.0.0.1:8081","*/","","","","/* istanbul instrument in package npmtest_router5 */","/*jslint","    bitwise: true,","    browser: true,","    maxerr: 8,","    maxlen: 96,","    node: true,","    nomen: true,","    regexp: true,","    stupid: true","*/","(function () {","    'use strict';","    var local;","","","","    // run shared js-env code - pre-init","    (function () {","        // init local","        local = {};","        // init modeJs","        local.modeJs = (function () {","            try {","                return typeof navigator.userAgent === 'string' &&","                    typeof document.querySelector('body') === 'object' &&","                    typeof XMLHttpRequest.prototype.open === 'function' &&","                    'browser';","            } catch (errorCaughtBrowser) {","                return module.exports &&","                    typeof process.versions.node === 'string' &&","                    typeof require('http').createServer === 'function' &&","                    'node';","            }","        }());","        // init global","        local.global = local.modeJs === 'browser'","            ? window","            : global;","        // init utility2_rollup","        local = local.global.utility2_rollup || (local.modeJs === 'browser'","            ? local.global.utility2_npmtest_router5","            : global.utility2_moduleExports);","        // export local","        local.global.local = local;","    }());","    switch (local.modeJs) {","","","","    // post-init","    // run browser js-env code - post-init","    /* istanbul ignore next */","    case 'browser':","        local.testRunBrowser = function (event) {","            if (!event || (event &&","                    event.currentTarget &&","                    event.currentTarget.className &&","                    event.currentTarget.className.includes &&","                    event.currentTarget.className.includes('onreset'))) {","                // reset output","                Array.from(","                    document.querySelectorAll('body > .resettable')","                ).forEach(function (element) {","                    switch (element.tagName) {","                    case 'INPUT':","                    case 'TEXTAREA':","                        element.value = '';","                        break;","                    default:","                        element.textContent = '';","                    }","                });","            }","            switch (event && event.currentTarget && event.currentTarget.id) {","            case 'testRunButton1':","                // show tests","                if (document.querySelector('#testReportDiv1').style.display === 'none') {","                    document.querySelector('#testReportDiv1').style.display = 'block';","                    document.querySelector('#testRunButton1').textContent =","                        'hide internal test';","                    local.modeTest = true;","                    local.testRunDefault(local);","                // hide tests","                } else {","                    document.querySelector('#testReportDiv1').style.display = 'none';","                    document.querySelector('#testRunButton1').textContent = 'run internal test';","                }","                break;","            // custom-case","            default:","                break;","            }","            if (document.querySelector('#inputTextareaEval1') && (!event || (event &&","                    event.currentTarget &&","                    event.currentTarget.className &&","                    event.currentTarget.className.includes &&","                    event.currentTarget.className.includes('oneval')))) {","                // try to eval input-code","                try {","                    /*jslint evil: true*/","                    eval(document.querySelector('#inputTextareaEval1').value);","                } catch (errorCaught) {","                    console.error(errorCaught);","                }","            }","        };","        // log stderr and stdout to #outputTextareaStdout1","        ['error', 'log'].forEach(function (key) {","            console[key + '_original'] = console[key];","            console[key] = function () {","                var element;","                console[key + '_original'].apply(console, arguments);","                element = document.querySelector('#outputTextareaStdout1');","                if (!element) {","                    return;","                }","                // append text to #outputTextareaStdout1","                element.value += Array.from(arguments).map(function (arg) {","                    return typeof arg === 'string'","                        ? arg","                        : JSON.stringify(arg, null, 4);","                }).join(' ') + '\\n';","                // scroll textarea to bottom","                element.scrollTop = element.scrollHeight;","            };","        });","        // init event-handling","        ['change', 'click', 'keyup'].forEach(function (event) {","            Array.from(document.querySelectorAll('.on' + event)).forEach(function (element) {","                element.addEventListener(event, local.testRunBrowser);","            });","        });","        // run tests","        local.testRunBrowser();","        break;","","","","    // run node js-env code - post-init","    /* istanbul ignore next */","    case 'node':","        // export local","        module.exports = local;","        // require modules","        local.fs = require('fs');","        local.http = require('http');","        local.url = require('url');","        // init assets","        local.assetsDict = local.assetsDict || {};","        /* jslint-ignore-begin */","        local.assetsDict['/assets.index.template.html'] = '\\","<!doctype html>\\n\\","<html lang=\"en\">\\n\\","<head>\\n\\","<meta charset=\"UTF-8\">\\n\\","<meta name=\"viewport\" content=\"width=device-width, initial-scale=1\">\\n\\","<title>{{env.npm_package_name}} (v{{env.npm_package_version}})</title>\\n\\","<style>\\n\\","/*csslint\\n\\","    box-sizing: false,\\n\\","    universal-selector: false\\n\\","*/\\n\\","* {\\n\\","    box-sizing: border-box;\\n\\","}\\n\\","body {\\n\\","    background: #dde;\\n\\","    font-family: Arial, Helvetica, sans-serif;\\n\\","    margin: 2rem;\\n\\","}\\n\\","body > * {\\n\\","    margin-bottom: 1rem;\\n\\","}\\n\\",".utility2FooterDiv {\\n\\","    margin-top: 20px;\\n\\","    text-align: center;\\n\\","}\\n\\","</style>\\n\\","<style>\\n\\","/*csslint\\n\\","*/\\n\\","textarea {\\n\\","    font-family: monospace;\\n\\","    height: 10rem;\\n\\","    width: 100%;\\n\\","}\\n\\","textarea[readonly] {\\n\\","    background: #ddd;\\n\\","}\\n\\","</style>\\n\\","</head>\\n\\","<body>\\n\\","<!-- utility2-comment\\n\\","<div id=\"ajaxProgressDiv1\" style=\"background: #d00; height: 2px; left: 0; margin: 0; padding: 0; position: fixed; top: 0; transition: background 0.5s, width 1.5s; width: 25%;\"></div>\\n\\","utility2-comment -->\\n\\","<h1>\\n\\","<!-- utility2-comment\\n\\","    <a\\n\\","        {{#if env.npm_package_homepage}}\\n\\","        href=\"{{env.npm_package_homepage}}\"\\n\\","        {{/if env.npm_package_homepage}}\\n\\","        target=\"_blank\"\\n\\","    >\\n\\","utility2-comment -->\\n\\","        {{env.npm_package_name}} (v{{env.npm_package_version}})\\n\\","<!-- utility2-comment\\n\\","    </a>\\n\\","utility2-comment -->\\n\\","</h1>\\n\\","<h3>{{env.npm_package_description}}</h3>\\n\\","<!-- utility2-comment\\n\\","<h4><a download href=\"assets.app.js\">download standalone app</a></h4>\\n\\","<button class=\"onclick onreset\" id=\"testRunButton1\">run internal test</button><br>\\n\\","<div id=\"testReportDiv1\" style=\"display: none;\"></div>\\n\\","utility2-comment -->\\n\\","\\n\\","\\n\\","\\n\\","<label>stderr and stdout</label>\\n\\","<textarea class=\"resettable\" id=\"outputTextareaStdout1\" readonly></textarea>\\n\\","<!-- utility2-comment\\n\\","{{#if isRollup}}\\n\\","<script src=\"assets.app.js\"></script>\\n\\","{{#unless isRollup}}\\n\\","utility2-comment -->\\n\\","<script src=\"assets.utility2.rollup.js\"></script>\\n\\","<script src=\"jsonp.utility2._stateInit?callback=window.utility2._stateInit\"></script>\\n\\","<script src=\"assets.npmtest_router5.rollup.js\"></script>\\n\\","<script src=\"assets.example.js\"></script>\\n\\","<script src=\"assets.test.js\"></script>\\n\\","<!-- utility2-comment\\n\\","{{/if isRollup}}\\n\\","utility2-comment -->\\n\\","<div class=\"utility2FooterDiv\">\\n\\","    [ this app was created with\\n\\","    <a href=\"https://github.com/kaizhu256/node-utility2\" target=\"_blank\">utility2</a>\\n\\","    ]\\n\\","</div>\\n\\","</body>\\n\\","</html>\\n\\","';","        /* jslint-ignore-end */","        if (local.templateRender) {","            local.assetsDict['/'] = local.templateRender(","                local.assetsDict['/assets.index.template.html'],","                {","                    env: local.objectSetDefault(local.env, {","                        npm_package_description: 'the greatest app in the world!',","                        npm_package_name: 'my-app',","                        npm_package_nameAlias: 'my_app',","                        npm_package_version: '0.0.1'","                    })","                }","            );","        } else {","            local.assetsDict['/'] = local.assetsDict['/assets.index.template.html']","                .replace((/\\{\\{env\\.(\\w+?)\\}\\}/g), function (match0, match1) {","                    // jslint-hack","                    String(match0);","                    switch (match1) {","                    case 'npm_package_description':","                        return 'the greatest app in the world!';","                    case 'npm_package_name':","                        return 'my-app';","                    case 'npm_package_nameAlias':","                        return 'my_app';","                    case 'npm_package_version':","                        return '0.0.1';","                    }","                });","        }","        // run the cli","        if (local.global.utility2_rollup || module !== require.main) {","            break;","        }","        local.assetsDict['/assets.example.js'] =","            local.assetsDict['/assets.example.js'] ||","            local.fs.readFileSync(__filename, 'utf8');","        // bug-workaround - long $npm_package_buildCustomOrg","        /* jslint-ignore-begin */","        local.assetsDict['/assets.npmtest_router5.rollup.js'] =","            local.assetsDict['/assets.npmtest_router5.rollup.js'] ||","            local.fs.readFileSync(","                local.npmtest_router5.__dirname + '/lib.npmtest_router5.js',","                'utf8'","            ).replace((/^#!/), '//');","        /* jslint-ignore-end */","        local.assetsDict['/favicon.ico'] = local.assetsDict['/favicon.ico'] || '';","        // if $npm_config_timeout_exit exists,","        // then exit this process after $npm_config_timeout_exit ms","        if (Number(process.env.npm_config_timeout_exit)) {","            setTimeout(process.exit, Number(process.env.npm_config_timeout_exit));","        }","        // start server","        if (local.global.utility2_serverHttp1) {","            break;","        }","        process.env.PORT = process.env.PORT || '8081';","        console.error('server starting on port ' + process.env.PORT);","        local.http.createServer(function (request, response) {","            request.urlParsed = local.url.parse(request.url);","            if (local.assetsDict[request.urlParsed.pathname] !== undefined) {","                response.end(local.assetsDict[request.urlParsed.pathname]);","                return;","            }","            response.statusCode = 404;","            response.end();","        }).listen(process.env.PORT);","        break;","    }","}());",""],"l":{"26":2,"28":2,"33":2,"35":2,"37":2,"38":2,"39":2,"44":1,"51":2,"55":2,"59":2,"61":2,"69":1,"70":2,"76":2,"79":2,"82":2,"83":2,"85":1,"89":2,"92":1,"93":1,"94":1,"96":1,"97":1,"100":1,"101":1,"103":1,"106":1,"108":2,"114":1,"116":1,"118":1,"123":1,"124":2,"125":2,"126":3,"127":3,"128":3,"129":3,"130":1,"133":3,"134":3,"139":3,"143":1,"144":3,"145":1,"149":1,"150":1,"158":1,"160":1,"161":1,"162":1,"164":1,"166":1,"258":1,"259":1,"271":1,"274":6,"275":6,"277":1,"279":2,"281":1,"283":2,"288":1,"289":1,"291":1,"296":1,"303":1,"306":1,"307":1,"310":1,"311":1,"313":1,"314":1,"315":1,"316":1,"317":1,"318":1,"319":1,"321":1,"322":1,"324":1}},"/home/travis/build/npmtest/node-npmtest-router5/node_modules/router5/index.js":{"path":"/home/travis/build/npmtest/node-npmtest-router5/node_modules/router5/index.js","s":{"1":1,"2":1,"3":1,"4":1,"5":1,"6":1,"7":1,"8":1,"9":1,"10":1,"11":1,"12":1,"13":1,"14":5,"15":1,"16":1,"17":1,"18":1,"19":1,"20":1,"21":1},"b":{"1":[4,1],"2":[5,5]},"f":{"1":5},"fnMap":{"1":{"name":"_interopRequireDefault","line":28,"loc":{"start":{"line":28,"column":0},"end":{"line":28,"column":37}}}},"statementMap":{"1":{"start":{"line":3,"column":0},"end":{"line":5,"column":3}},"2":{"start":{"line":6,"column":0},"end":{"line":6,"column":142}},"3":{"start":{"line":8,"column":0},"end":{"line":8,"column":47}},"4":{"start":{"line":10,"column":0},"end":{"line":10,"column":59}},"5":{"start":{"line":12,"column":0},"end":{"line":12,"column":39}},"6":{"start":{"line":14,"column":0},"end":{"line":14,"column":53}},"7":{"start":{"line":16,"column":0},"end":{"line":16,"column":42}},"8":{"start":{"line":18,"column":0},"end":{"line":18,"column":47}},"9":{"start":{"line":20,"column":0},"end":{"line":20,"column":49}},"10":{"start":{"line":22,"column":0},"end":{"line":22,"column":47}},"11":{"start":{"line":24,"column":0},"end":{"line":24,"column":40}},"12":{"start":{"line":26,"column":0},"end":{"line":26,"column":53}},"13":{"start":{"line":28,"column":0},"end":{"line":28,"column":95}},"14":{"start":{"line":28,"column":39},"end":{"line":28,"column":93}},"15":{"start":{"line":30,"column":0},"end":{"line":30,"column":41}},"16":{"start":{"line":31,"column":0},"end":{"line":31,"column":46}},"17":{"start":{"line":32,"column":0},"end":{"line":32,"column":40}},"18":{"start":{"line":33,"column":0},"end":{"line":33,"column":40}},"19":{"start":{"line":34,"column":0},"end":{"line":34,"column":43}},"20":{"start":{"line":35,"column":0},"end":{"line":35,"column":42}},"21":{"start":{"line":36,"column":0},"end":{"line":36,"column":40}}},"branchMap":{"1":{"line":28,"type":"cond-expr","locations":[{"start":{"line":28,"column":70},"end":{"line":28,"column":73}},{"start":{"line":28,"column":76},"end":{"line":28,"column":92}}]},"2":{"line":28,"type":"binary-expr","locations":[{"start":{"line":28,"column":46},"end":{"line":28,"column":49}},{"start":{"line":28,"column":53},"end":{"line":28,"column":67}}]}},"code":["'use strict';","","Object.defineProperty(exports, \"__esModule\", {","    value: true","});","exports.constants = exports.transitionPath = exports.errorCodes = exports.loggerPlugin = exports.RouteNode = exports.createRouter = undefined;","","var _createRouter = require('./create-router');","","var _createRouter2 = _interopRequireDefault(_createRouter);","","var _routeNode = require('route-node');","","var _routeNode2 = _interopRequireDefault(_routeNode);","","var _logger = require('./plugins/logger');","","var _logger2 = _interopRequireDefault(_logger);","","var _router = require('router5.transition-path');","","var _router2 = _interopRequireDefault(_router);","","var _constants = require('./constants');","","var _constants2 = _interopRequireDefault(_constants);","","function _interopRequireDefault(obj) { return obj && obj.__esModule ? obj : { default: obj }; }","","exports.default = _createRouter2.default;","exports.createRouter = _createRouter2.default;","exports.RouteNode = _routeNode2.default;","exports.loggerPlugin = _logger2.default;","exports.errorCodes = _constants.errorCodes;","exports.transitionPath = _router2.default;","exports.constants = _constants2.default;"],"l":{"3":1,"6":1,"8":1,"10":1,"12":1,"14":1,"16":1,"18":1,"20":1,"22":1,"24":1,"26":1,"28":5,"30":1,"31":1,"32":1,"33":1,"34":1,"35":1,"36":1}},"/home/travis/build/npmtest/node-npmtest-router5/node_modules/router5/create-router.js":{"path":"/home/travis/build/npmtest/node-npmtest-router5/node_modules/router5/create-router.js","s":{"1":1,"2":1,"3":0,"4":0,"5":0,"6":0,"7":0,"8":0,"9":1,"10":1,"11":1,"12":1,"13":1,"14":1,"15":1,"16":1,"17":1,"18":1,"19":1,"20":1,"21":1,"22":1,"23":1,"24":1,"25":1,"26":1,"27":1,"28":9,"29":1,"30":0,"31":0,"32":0,"33":0,"34":0,"35":1,"36":1,"37":0,"38":0,"39":0,"40":0,"41":0,"42":0,"43":0,"44":0,"45":0,"46":0,"47":1,"48":0,"49":0,"50":0,"51":0,"52":1,"53":0,"54":0,"55":1,"56":0,"57":0,"58":0,"59":0,"60":0,"61":0,"62":0,"63":0,"64":0,"65":0,"66":0,"67":0,"68":0,"69":1,"70":0,"71":0,"72":1,"73":0,"74":0,"75":0,"76":0,"77":0,"78":0,"79":0,"80":0,"81":0,"82":0,"83":0,"84":0,"85":0,"86":1,"87":0,"88":1,"89":0,"90":1,"91":0,"92":1,"93":0,"94":1,"95":0,"96":0,"97":0,"98":0,"99":1,"100":0,"101":0,"102":1,"103":0,"104":0,"105":0,"106":1,"107":0,"108":1,"109":0,"110":1,"111":0,"112":1,"113":0,"114":0,"115":1,"116":0,"117":0,"118":0,"119":0,"120":1},"b":{"1":[1,0],"2":[0,0],"3":[8,1],"4":[9,9],"5":[0,0],"6":[0,0],"7":[0,0],"8":[0,0],"9":[0,0],"10":[0,0],"11":[0,0],"12":[0,0],"13":[0,0],"14":[0,0],"15":[0,0],"16":[0,0],"17":[0,0],"18":[0,0],"19":[0,0]},"f":{"1":0,"2":9,"3":0,"4":0,"5":0,"6":0,"7":0,"8":0,"9":0,"10":0,"11":0,"12":0,"13":0,"14":0,"15":0,"16":0,"17":0,"18":0,"19":0,"20":0,"21":0,"22":0,"23":0,"24":0,"25":0,"26":0,"27":0},"fnMap":{"1":{"name":"(anonymous_1)","line":7,"loc":{"start":{"line":7,"column":32},"end":{"line":7,"column":50}}},"2":{"name":"_interopRequireDefault","line":45,"loc":{"start":{"line":45,"column":0},"end":{"line":45,"column":37}}},"3":{"name":"_toConsumableArray","line":47,"loc":{"start":{"line":47,"column":0},"end":{"line":47,"column":33}}},"4":{"name":"createRouter","line":65,"loc":{"start":{"line":65,"column":0},"end":{"line":65,"column":30}}},"5":{"name":"(anonymous_5)","line":75,"loc":{"start":{"line":75,"column":30},"end":{"line":75,"column":45}}},"6":{"name":"invokeEventListeners","line":108,"loc":{"start":{"line":108,"column":4},"end":{"line":108,"column":45}}},"7":{"name":"(anonymous_7)","line":113,"loc":{"start":{"line":113,"column":45},"end":{"line":113,"column":59}}},"8":{"name":"removeEventListener","line":124,"loc":{"start":{"line":124,"column":4},"end":{"line":124,"column":48}}},"9":{"name":"(anonymous_9)","line":125,"loc":{"start":{"line":125,"column":59},"end":{"line":125,"column":74}}},"10":{"name":"addEventListener","line":136,"loc":{"start":{"line":136,"column":4},"end":{"line":136,"column":45}}},"11":{"name":"(anonymous_11)","line":139,"loc":{"start":{"line":139,"column":15},"end":{"line":139,"column":27}}},"12":{"name":"addCanActivate","line":158,"loc":{"start":{"line":158,"column":4},"end":{"line":158,"column":35}}},"13":{"name":"makeState","line":171,"loc":{"start":{"line":171,"column":4},"end":{"line":171,"column":63}}},"14":{"name":"setProp","line":173,"loc":{"start":{"line":173,"column":22},"end":{"line":173,"column":51}}},"15":{"name":"makeNotFoundState","line":197,"loc":{"start":{"line":197,"column":4},"end":{"line":197,"column":37}}},"16":{"name":"getState","line":205,"loc":{"start":{"line":205,"column":4},"end":{"line":205,"column":24}}},"17":{"name":"setState","line":213,"loc":{"start":{"line":213,"column":4},"end":{"line":213,"column":29}}},"18":{"name":"getOptions","line":221,"loc":{"start":{"line":221,"column":4},"end":{"line":221,"column":26}}},"19":{"name":"setOption","line":231,"loc":{"start":{"line":231,"column":4},"end":{"line":231,"column":38}}},"20":{"name":"setDependency","line":245,"loc":{"start":{"line":245,"column":4},"end":{"line":245,"column":55}}},"21":{"name":"setDependencies","line":255,"loc":{"start":{"line":255,"column":4},"end":{"line":255,"column":35}}},"22":{"name":"(anonymous_22)","line":256,"loc":{"start":{"line":256,"column":34},"end":{"line":256,"column":53}}},"23":{"name":"getDependencies","line":267,"loc":{"start":{"line":267,"column":4},"end":{"line":267,"column":31}}},"24":{"name":"getInjectables","line":271,"loc":{"start":{"line":271,"column":4},"end":{"line":271,"column":30}}},"25":{"name":"executeFactory","line":275,"loc":{"start":{"line":275,"column":4},"end":{"line":275,"column":45}}},"26":{"name":"add","line":284,"loc":{"start":{"line":284,"column":4},"end":{"line":284,"column":25}}},"27":{"name":"addNode","line":295,"loc":{"start":{"line":295,"column":4},"end":{"line":295,"column":53}}}},"statementMap":{"1":{"start":{"line":3,"column":0},"end":{"line":5,"column":3}},"2":{"start":{"line":7,"column":0},"end":{"line":7,"column":257}},"3":{"start":{"line":7,"column":52},"end":{"line":7,"column":239}},"4":{"start":{"line":7,"column":97},"end":{"line":7,"column":123}},"5":{"start":{"line":7,"column":124},"end":{"line":7,"column":237}},"6":{"start":{"line":7,"column":150},"end":{"line":7,"column":235}},"7":{"start":{"line":7,"column":207},"end":{"line":7,"column":233}},"8":{"start":{"line":7,"column":240},"end":{"line":7,"column":254}},"9":{"start":{"line":9,"column":0},"end":{"line":9,"column":39}},"10":{"start":{"line":11,"column":0},"end":{"line":11,"column":53}},"11":{"start":{"line":13,"column":0},"end":{"line":13,"column":37}},"12":{"start":{"line":15,"column":0},"end":{"line":15,"column":45}},"13":{"start":{"line":17,"column":0},"end":{"line":17,"column":58}},"14":{"start":{"line":19,"column":0},"end":{"line":19,"column":65}},"15":{"start":{"line":21,"column":0},"end":{"line":21,"column":47}},"16":{"start":{"line":23,"column":0},"end":{"line":23,"column":55}},"17":{"start":{"line":25,"column":0},"end":{"line":25,"column":47}},"18":{"start":{"line":27,"column":0},"end":{"line":27,"column":55}},"19":{"start":{"line":29,"column":0},"end":{"line":29,"column":41}},"20":{"start":{"line":31,"column":0},"end":{"line":31,"column":49}},"21":{"start":{"line":33,"column":0},"end":{"line":33,"column":56}},"22":{"start":{"line":35,"column":0},"end":{"line":35,"column":63}},"23":{"start":{"line":37,"column":0},"end":{"line":37,"column":37}},"24":{"start":{"line":39,"column":0},"end":{"line":39,"column":45}},"25":{"start":{"line":41,"column":0},"end":{"line":41,"column":40}},"26":{"start":{"line":43,"column":0},"end":{"line":43,"column":53}},"27":{"start":{"line":45,"column":0},"end":{"line":45,"column":95}},"28":{"start":{"line":45,"column":39},"end":{"line":45,"column":93}},"29":{"start":{"line":47,"column":0},"end":{"line":47,"column":195}},"30":{"start":{"line":47,"column":35},"end":{"line":47,"column":193}},"31":{"start":{"line":47,"column":61},"end":{"line":47,"column":145}},"32":{"start":{"line":47,"column":126},"end":{"line":47,"column":143}},"33":{"start":{"line":47,"column":146},"end":{"line":47,"column":158}},"34":{"start":{"line":47,"column":168},"end":{"line":47,"column":191}},"35":{"start":{"line":49,"column":0},"end":{"line":56,"column":2}},"36":{"start":{"line":65,"column":0},"end":{"line":300,"column":1}},"37":{"start":{"line":66,"column":4},"end":{"line":66,"column":86}},"38":{"start":{"line":67,"column":4},"end":{"line":67,"column":86}},"39":{"start":{"line":69,"column":4},"end":{"line":69,"column":27}},"40":{"start":{"line":70,"column":4},"end":{"line":70,"column":20}},"41":{"start":{"line":71,"column":4},"end":{"line":71,"column":23}},"42":{"start":{"line":72,"column":4},"end":{"line":72,"column":28}},"43":{"start":{"line":73,"column":4},"end":{"line":73,"column":47}},"44":{"start":{"line":75,"column":4},"end":{"line":77,"column":7}},"45":{"start":{"line":76,"column":8},"end":{"line":76,"column":41}},"46":{"start":{"line":79,"column":4},"end":{"line":96,"column":6}},"47":{"start":{"line":108,"column":4},"end":{"line":116,"column":5}},"48":{"start":{"line":109,"column":8},"end":{"line":111,"column":9}},"49":{"start":{"line":110,"column":12},"end":{"line":110,"column":45}},"50":{"start":{"line":113,"column":8},"end":{"line":115,"column":11}},"51":{"start":{"line":114,"column":12},"end":{"line":114,"column":45}},"52":{"start":{"line":124,"column":4},"end":{"line":128,"column":5}},"53":{"start":{"line":125,"column":8},"end":{"line":127,"column":11}},"54":{"start":{"line":126,"column":12},"end":{"line":126,"column":30}},"55":{"start":{"line":136,"column":4},"end":{"line":142,"column":5}},"56":{"start":{"line":137,"column":8},"end":{"line":137,"column":71}},"57":{"start":{"line":139,"column":8},"end":{"line":141,"column":10}},"58":{"start":{"line":140,"column":12},"end":{"line":140,"column":54}},"59":{"start":{"line":144,"column":4},"end":{"line":144,"column":33}},"60":{"start":{"line":145,"column":4},"end":{"line":145,"column":35}},"61":{"start":{"line":146,"column":4},"end":{"line":146,"column":38}},"62":{"start":{"line":147,"column":4},"end":{"line":147,"column":42}},"63":{"start":{"line":148,"column":4},"end":{"line":148,"column":43}},"64":{"start":{"line":149,"column":4},"end":{"line":149,"column":38}},"65":{"start":{"line":150,"column":4},"end":{"line":150,"column":47}},"66":{"start":{"line":152,"column":4},"end":{"line":152,"column":124}},"67":{"start":{"line":154,"column":4},"end":{"line":154,"column":31}},"68":{"start":{"line":156,"column":4},"end":{"line":156,"column":18}},"69":{"start":{"line":158,"column":4},"end":{"line":160,"column":5}},"70":{"start":{"line":159,"column":8},"end":{"line":159,"column":81}},"71":{"start":{"line":159,"column":31},"end":{"line":159,"column":81}},"72":{"start":{"line":171,"column":4},"end":{"line":190,"column":5}},"73":{"start":{"line":172,"column":8},"end":{"line":172,"column":23}},"74":{"start":{"line":173,"column":8},"end":{"line":175,"column":10}},"75":{"start":{"line":174,"column":12},"end":{"line":174,"column":89}},"76":{"start":{"line":176,"column":8},"end":{"line":176,"column":30}},"77":{"start":{"line":177,"column":8},"end":{"line":177,"column":34}},"78":{"start":{"line":178,"column":8},"end":{"line":178,"column":30}},"79":{"start":{"line":180,"column":8},"end":{"line":187,"column":9}},"80":{"start":{"line":181,"column":12},"end":{"line":181,"column":25}},"81":{"start":{"line":182,"column":12},"end":{"line":182,"column":59}},"82":{"start":{"line":184,"column":12},"end":{"line":184,"column":45}},"83":{"start":{"line":184,"column":24},"end":{"line":184,"column":45}},"84":{"start":{"line":186,"column":12},"end":{"line":186,"column":34}},"85":{"start":{"line":189,"column":8},"end":{"line":189,"column":21}},"86":{"start":{"line":197,"column":4},"end":{"line":199,"column":5}},"87":{"start":{"line":198,"column":8},"end":{"line":198,"column":86}},"88":{"start":{"line":205,"column":4},"end":{"line":207,"column":5}},"89":{"start":{"line":206,"column":8},"end":{"line":206,"column":27}},"90":{"start":{"line":213,"column":4},"end":{"line":215,"column":5}},"91":{"start":{"line":214,"column":8},"end":{"line":214,"column":28}},"92":{"start":{"line":221,"column":4},"end":{"line":223,"column":5}},"93":{"start":{"line":222,"column":8},"end":{"line":222,"column":23}},"94":{"start":{"line":231,"column":4},"end":{"line":237,"column":5}},"95":{"start":{"line":232,"column":8},"end":{"line":234,"column":9}},"96":{"start":{"line":233,"column":12},"end":{"line":233,"column":41}},"97":{"start":{"line":235,"column":8},"end":{"line":235,"column":32}},"98":{"start":{"line":236,"column":8},"end":{"line":236,"column":22}},"99":{"start":{"line":245,"column":4},"end":{"line":248,"column":5}},"100":{"start":{"line":246,"column":8},"end":{"line":246,"column":50}},"101":{"start":{"line":247,"column":8},"end":{"line":247,"column":22}},"102":{"start":{"line":255,"column":4},"end":{"line":261,"column":5}},"103":{"start":{"line":256,"column":8},"end":{"line":258,"column":11}},"104":{"start":{"line":257,"column":12},"end":{"line":257,"column":50}},"105":{"start":{"line":260,"column":8},"end":{"line":260,"column":22}},"106":{"start":{"line":267,"column":4},"end":{"line":269,"column":5}},"107":{"start":{"line":268,"column":8},"end":{"line":268,"column":28}},"108":{"start":{"line":271,"column":4},"end":{"line":273,"column":5}},"109":{"start":{"line":272,"column":8},"end":{"line":272,"column":43}},"110":{"start":{"line":275,"column":4},"end":{"line":277,"column":5}},"111":{"start":{"line":276,"column":8},"end":{"line":276,"column":86}},"112":{"start":{"line":284,"column":4},"end":{"line":287,"column":5}},"113":{"start":{"line":285,"column":8},"end":{"line":285,"column":45}},"114":{"start":{"line":286,"column":8},"end":{"line":286,"column":22}},"115":{"start":{"line":295,"column":4},"end":{"line":299,"column":5}},"116":{"start":{"line":296,"column":8},"end":{"line":296,"column":44}},"117":{"start":{"line":297,"column":8},"end":{"line":297,"column":77}},"118":{"start":{"line":297,"column":32},"end":{"line":297,"column":77}},"119":{"start":{"line":298,"column":8},"end":{"line":298,"column":22}},"120":{"start":{"line":302,"column":0},"end":{"line":302,"column":31}}},"branchMap":{"1":{"line":7,"type":"binary-expr","locations":[{"start":{"line":7,"column":15},"end":{"line":7,"column":28}},{"start":{"line":7,"column":32},"end":{"line":7,"column":256}}]},"2":{"line":7,"type":"if","locations":[{"start":{"line":7,"column":150},"end":{"line":7,"column":150}},{"start":{"line":7,"column":150},"end":{"line":7,"column":150}}]},"3":{"line":45,"type":"cond-expr","locations":[{"start":{"line":45,"column":70},"end":{"line":45,"column":73}},{"start":{"line":45,"column":76},"end":{"line":45,"column":92}}]},"4":{"line":45,"type":"binary-expr","locations":[{"start":{"line":45,"column":46},"end":{"line":45,"column":49}},{"start":{"line":45,"column":53},"end":{"line":45,"column":67}}]},"5":{"line":47,"type":"if","locations":[{"start":{"line":47,"column":35},"end":{"line":47,"column":35}},{"start":{"line":47,"column":35},"end":{"line":47,"column":35}}]},"6":{"line":66,"type":"cond-expr","locations":[{"start":{"line":66,"column":68},"end":{"line":66,"column":80}},{"start":{"line":66,"column":83},"end":{"line":66,"column":85}}]},"7":{"line":66,"type":"binary-expr","locations":[{"start":{"line":66,"column":15},"end":{"line":66,"column":35}},{"start":{"line":66,"column":39},"end":{"line":66,"column":65}}]},"8":{"line":67,"type":"cond-expr","locations":[{"start":{"line":67,"column":68},"end":{"line":67,"column":80}},{"start":{"line":67,"column":83},"end":{"line":67,"column":85}}]},"9":{"line":67,"type":"binary-expr","locations":[{"start":{"line":67,"column":15},"end":{"line":67,"column":35}},{"start":{"line":67,"column":39},"end":{"line":67,"column":65}}]},"10":{"line":113,"type":"binary-expr","locations":[{"start":{"line":113,"column":9},"end":{"line":113,"column":29}},{"start":{"line":113,"column":33},"end":{"line":113,"column":35}}]},"11":{"line":137,"type":"binary-expr","locations":[{"start":{"line":137,"column":32},"end":{"line":137,"column":52}},{"start":{"line":137,"column":56},"end":{"line":137,"column":58}}]},"12":{"line":152,"type":"cond-expr","locations":[{"start":{"line":152,"column":59},"end":{"line":152,"column":65}},{"start":{"line":152,"column":68},"end":{"line":152,"column":123}}]},"13":{"line":159,"type":"if","locations":[{"start":{"line":159,"column":8},"end":{"line":159,"column":8}},{"start":{"line":159,"column":8},"end":{"line":159,"column":8}}]},"14":{"line":180,"type":"if","locations":[{"start":{"line":180,"column":8},"end":{"line":180,"column":8}},{"start":{"line":180,"column":8},"end":{"line":180,"column":8}}]},"15":{"line":180,"type":"binary-expr","locations":[{"start":{"line":180,"column":12},"end":{"line":180,"column":22}},{"start":{"line":180,"column":26},"end":{"line":180,"column":32}}]},"16":{"line":184,"type":"if","locations":[{"start":{"line":184,"column":12},"end":{"line":184,"column":12}},{"start":{"line":184,"column":12},"end":{"line":184,"column":12}}]},"17":{"line":232,"type":"if","locations":[{"start":{"line":232,"column":8},"end":{"line":232,"column":8}},{"start":{"line":232,"column":8},"end":{"line":232,"column":8}}]},"18":{"line":232,"type":"binary-expr","locations":[{"start":{"line":232,"column":12},"end":{"line":232,"column":41}},{"start":{"line":232,"column":45},"end":{"line":232,"column":64}}]},"19":{"line":297,"type":"if","locations":[{"start":{"line":297,"column":8},"end":{"line":297,"column":8}},{"start":{"line":297,"column":8},"end":{"line":297,"column":8}}]}},"code":["'use strict';","","Object.defineProperty(exports, \"__esModule\", {","    value: true","});","","var _extends = Object.assign || function (target) { for (var i = 1; i < arguments.length; i++) { var source = arguments[i]; for (var key in source) { if (Object.prototype.hasOwnProperty.call(source, key)) { target[key] = source[key]; } } } return target; };","","var _routeNode = require('route-node');","","var _routeNode2 = _interopRequireDefault(_routeNode);","","var _utils = require('./core/utils');","","var _utils2 = _interopRequireDefault(_utils);","","var _routerLifecycle = require('./core/router-lifecycle');","","var _routerLifecycle2 = _interopRequireDefault(_routerLifecycle);","","var _navigation = require('./core/navigation');","","var _navigation2 = _interopRequireDefault(_navigation);","","var _middleware = require('./core/middleware');","","var _middleware2 = _interopRequireDefault(_middleware);","","var _plugins = require('./core/plugins');","","var _plugins2 = _interopRequireDefault(_plugins);","","var _routeLifecycle = require('./core/route-lifecycle');","","var _routeLifecycle2 = _interopRequireDefault(_routeLifecycle);","","var _clone = require('./core/clone');","","var _clone2 = _interopRequireDefault(_clone);","","var _constants = require('./constants');","","var _constants2 = _interopRequireDefault(_constants);","","function _interopRequireDefault(obj) { return obj && obj.__esModule ? obj : { default: obj }; }","","function _toConsumableArray(arr) { if (Array.isArray(arr)) { for (var i = 0, arr2 = Array(arr.length); i < arr.length; i++) { arr2[i] = arr[i]; } return arr2; } else { return Array.from(arr); } }","","var defaultOptions = {","    trailingSlash: 0,","    useTrailingSlash: undefined,","    autoCleanUp: true,","    strictQueryParams: true,","    allowNotFound: false,","    strongMatching: true","};","","/**"," * Create a router"," * @param  {Array}  [routes]          The routes"," * @param  {Object} [options={}]      The router options"," * @param  {Object} [dependencies={}] The router dependencies"," * @return {Object}                   The router instance"," */","function createRouter(routes) {","    var opts = arguments.length > 1 && arguments[1] !== undefined ? arguments[1] : {};","    var deps = arguments.length > 2 && arguments[2] !== undefined ? arguments[2] : {};","","    var routerState = null;","    var stateId = 0;","    var callbacks = {};","    var dependencies = deps;","    var options = _extends({}, defaultOptions);","","    Object.keys(opts).forEach(function (opt) {","        return setOption(opt, opts[opt]);","    });","","    var router = {","        rootNode: rootNode,","        getOptions: getOptions,","        setOption: setOption,","        getState: getState,","        setState: setState,","        makeState: makeState,","        makeNotFoundState: makeNotFoundState,","        setDependency: setDependency,","        setDependencies: setDependencies,","        getDependencies: getDependencies,","        add: add,","        addNode: addNode,","        executeFactory: executeFactory,","        addEventListener: addEventListener,","        removeEventListener: removeEventListener,","        invokeEventListeners: invokeEventListeners","    };","","    /**","     * Invoke all event listeners by event name. Possible event names are listed under constants","     * (`import { constants } from 'router5'`): `ROUTER_START`, `ROUTER_STOP`, `TRANSITION_START`,","     * `TRANSITION_CANCEL`, `TRANSITION_SUCCESS`, `TRANSITION_ERROR`.","     * This method is used internally and should not be invoked directly, but it can be useful for","     * testing purposes.","     * @private","     * @name invokeEventListeners","     * @param  {String}    eventName The event name","     */","    function invokeEventListeners(eventName) {","        for (var _len = arguments.length, args = Array(_len > 1 ? _len - 1 : 0), _key = 1; _key < _len; _key++) {","            args[_key - 1] = arguments[_key];","        }","","        (callbacks[eventName] || []).forEach(function (cb) {","            return cb.apply(undefined, args);","        });","    }","","    /**","     * Removes an event listener","     * @private","     * @param  {String}   eventName The event name","     * @param  {Function} cb        The callback to remove","     */","    function removeEventListener(eventName, cb) {","        callbacks[eventName] = callbacks[eventName].filter(function (_cb) {","            return _cb !== cb;","        });","    }","","    /**","     * Add an event listener","     * @private","     * @param {String}   eventName The event name","     * @param {Function} cb        The callback to add","     */","    function addEventListener(eventName, cb) {","        callbacks[eventName] = (callbacks[eventName] || []).concat(cb);","","        return function () {","            return removeEventListener(eventName, cb);","        };","    }","","    (0, _utils2.default)(router);","    (0, _plugins2.default)(router);","    (0, _middleware2.default)(router);","    (0, _routeLifecycle2.default)(router);","    (0, _routerLifecycle2.default)(router);","    (0, _navigation2.default)(router);","    (0, _clone2.default)(router, createRouter);","","    var rootNode = routes instanceof _routeNode2.default ? routes : new _routeNode2.default('', '', routes, addCanActivate);","","    router.rootNode = rootNode;","","    return router;","","    function addCanActivate(route) {","        if (route.canActivate) router.canActivate(route.name, route.canActivate);","    }","","    /**","     * Build a state object","     * @param  {String} name         The state name","     * @param  {Object} params       The state params","     * @param  {String} path         The state path","     * @param  {Object} [metaParams] Description of the state params","     * @param  {String} [source]     The source of the routing state","     * @return {Object}              The state object","     */","    function makeState(name, params, path, metaParams, source) {","        var state = {};","        var setProp = function setProp(key, value) {","            return Object.defineProperty(state, key, { value: value, enumerable: true });","        };","        setProp('name', name);","        setProp('params', params);","        setProp('path', path);","","        if (metaParams || source) {","            stateId += 1;","            var meta = { params: metaParams, id: stateId };","","            if (source) meta.source = source;","","            setProp('meta', meta);","        }","","        return state;","    }","","    /**","     * Build a not found state for a given path","     * @param  {String} path The unmatched path","     * @return {Object}      The not found state object","     */","    function makeNotFoundState(path) {","        return makeState(_constants2.default.UNKNOWN_ROUTE, { path: path }, path, {});","    }","","    /**","     * Get the current router state","     * @return {Object} The current state","     */","    function getState() {","        return routerState;","    }","","    /**","     * Set the current router state","     * @param {Object} state The state object","     */","    function setState(state) {","        routerState = state;","    }","","    /**","     * Get router options","     * @return {Object} The router options","     */","    function getOptions() {","        return options;","    }","","    /**","     * Set an option","     * @param  {String} option The option name","     * @param  {*}      value  The option value","     * @return {Object}       The router instance","     */","    function setOption(option, value) {","        if (option === 'useTrailingSlash' && value !== undefined) {","            options.trailingSlash = true;","        }","        options[option] = value;","        return router;","    }","","    /**","     * Set a router dependency","     * @param  {String} dependencyName The dependency name","     * @param  {*}      dependency     The dependency","     * @return {Object}                The router instance","     */","    function setDependency(dependencyName, dependency) {","        dependencies[dependencyName] = dependency;","        return router;","    }","","    /**","     * Add dependencies","     * @param { Object} deps A object of dependencies (key-value pairs)","     * @return {Object}      The router instance","     */","    function setDependencies(deps) {","        Object.keys(deps).forEach(function (depName) {","            dependencies[depName] = deps[depName];","        });","","        return router;","    }","","    /**","     * Get dependencies","     * @return {Object} The dependencies","     */","    function getDependencies() {","        return dependencies;","    }","","    function getInjectables() {","        return [router, getDependencies()];","    }","","    function executeFactory(factoryFunction) {","        return factoryFunction.apply(undefined, _toConsumableArray(getInjectables()));","    }","","    /**","     * Add routes","     * @param  {Array} routes A list of routes to add","     * @return {Object}       The router instance","     */","    function add(routes) {","        rootNode.add(routes, addCanActivate);","        return router;","    }","","    /**","     * Add a single route (node)","     * @param {String} name                   The route name (full name)","     * @param {String} path                   The route path (from parent)","     * @param {Function} [canActivateHandler] The canActivate handler for this node","     */","    function addNode(name, path, canActivateHandler) {","        router.rootNode.addNode(name, path);","        if (canActivateHandler) router.canActivate(name, canActivateHandler);","        return router;","    }","}","","exports.default = createRouter;"],"l":{"3":1,"7":1,"9":1,"11":1,"13":1,"15":1,"17":1,"19":1,"21":1,"23":1,"25":1,"27":1,"29":1,"31":1,"33":1,"35":1,"37":1,"39":1,"41":1,"43":1,"45":9,"47":1,"49":1,"65":1,"66":0,"67":0,"69":0,"70":0,"71":0,"72":0,"73":0,"75":0,"76":0,"79":0,"108":1,"109":0,"110":0,"113":0,"114":0,"124":1,"125":0,"126":0,"136":1,"137":0,"139":0,"140":0,"144":0,"145":0,"146":0,"147":0,"148"
[...]
ne":41,"loc":{"start":{"line":41,"column":50},"end":{"line":41,"column":66}}}},"statementMap":{"1":{"start":{"line":3,"column":0},"end":{"line":5,"column":3}},"2":{"start":{"line":7,"column":0},"end":{"line":7,"column":664}},"3":{"start":{"line":7,"column":35},"end":{"line":7,"column":428}},"4":{"start":{"line":7,"column":68},"end":{"line":7,"column":82}},"5":{"start":{"line":7,"column":83},"end":{"line":7,"column":97}},"6":{"start":{"line":7,"column":98},"end":{"line":7,"column":113}},"7":{"start":{"line":7,"column":114},"end":{"line":7,"column":133}},"8":{"start":{"line":7,"column":134},"end":{"line":7,"column":413}},"9":{"start":{"line":7,"column":140},"end":{"line":7,"column":283}},"10":{"start":{"line":7,"column":226},"end":{"line":7,"column":246}},"11":{"start":{"line":7,"column":247},"end":{"line":7,"column":281}},"12":{"start":{"line":7,"column":275},"end":{"line":7,"column":281}},"13":{"start":{"line":7,"column":300},"end":{"line":7,"column":310}},"14":{"start":{"line":7,"column":311},"end":{"line":7,"column":320}},"15":{"start":{"line":7,"column":333},"end":{"line":7,"column":411}},"16":{"start":{"line":7,"column":339},"end":{"line":7,"column":379}},"17":{"start":{"line":7,"column":364},"end":{"line":7,"column":379}},"18":{"start":{"line":7,"column":392},"end":{"line":7,"column":409}},"19":{"start":{"line":7,"column":400},"end":{"line":7,"column":409}},"20":{"start":{"line":7,"column":414},"end":{"line":7,"column":426}},"21":{"start":{"line":7,"column":429},"end":{"line":7,"column":659}},"22":{"start":{"line":7,"column":456},"end":{"line":7,"column":656}},"23":{"start":{"line":7,"column":482},"end":{"line":7,"column":493}},"24":{"start":{"line":7,"column":501},"end":{"line":7,"column":656}},"25":{"start":{"line":7,"column":539},"end":{"line":7,"column":568}},"26":{"start":{"line":7,"column":578},"end":{"line":7,"column":654}},"27":{"start":{"line":9,"column":0},"end":{"line":9,"column":257}},"28":{"start":{"line":9,"column":52},"end":{"line":9,"column":239}},"29":{"start":{"line":9,"column":97},"end":{"line":9,"column":123}},"30":{"start":{"line":9,"column":124},"end":{"line":9,"column":237}},"31":{"start":{"line":9,"column":150},"end":{"line":9,"column":235}},"32":{"start":{"line":9,"column":207},"end":{"line":9,"column":233}},"33":{"start":{"line":9,"column":240},"end":{"line":9,"column":254}},"34":{"start":{"line":11,"column":0},"end":{"line":11,"column":30}},"35":{"start":{"line":13,"column":0},"end":{"line":13,"column":195}},"36":{"start":{"line":13,"column":35},"end":{"line":13,"column":193}},"37":{"start":{"line":13,"column":61},"end":{"line":13,"column":145}},"38":{"start":{"line":13,"column":126},"end":{"line":13,"column":143}},"39":{"start":{"line":13,"column":146},"end":{"line":13,"column":158}},"40":{"start":{"line":13,"column":168},"end":{"line":13,"column":191}},"41":{"start":{"line":15,"column":0},"end":{"line":47,"column":1}},"42":{"start":{"line":16,"column":4},"end":{"line":16,"column":25}},"43":{"start":{"line":24,"column":4},"end":{"line":46,"column":5}},"44":{"start":{"line":25,"column":8},"end":{"line":25,"column":90}},"45":{"start":{"line":27,"column":8},"end":{"line":27,"column":78}},"46":{"start":{"line":28,"column":8},"end":{"line":28,"column":98}},"47":{"start":{"line":30,"column":8},"end":{"line":30,"column":108}},"48":{"start":{"line":31,"column":8},"end":{"line":31,"column":92}},"49":{"start":{"line":33,"column":8},"end":{"line":36,"column":61}},"50":{"start":{"line":38,"column":8},"end":{"line":40,"column":11}},"51":{"start":{"line":39,"column":12},"end":{"line":39,"column":82}},"52":{"start":{"line":41,"column":8},"end":{"line":43,"column":11}},"53":{"start":{"line":42,"column":12},"end":{"line":42,"column":78}},"54":{"start":{"line":45,"column":8},"end":{"line":45,"column":28}}},"branchMap":{"1":{"line":7,"type":"if","locations":[{"start":{"line":7,"column":247},"end":{"line":7,"column":247}},{"start":{"line":7,"column":247},"end":{"line":7,"column":247}}]},"2":{"line":7,"type":"binary-expr","locations":[{"start":{"line":7,"column":251},"end":{"line":7,"column":252}},{"start":{"line":7,"column":256},"end":{"line":7,"column":273}}]},"3":{"line":7,"type":"if","locations":[{"start":{"line":7,"column":339},"end":{"line":7,"column":339}},{"start":{"line":7,"column":339},"end":{"line":7,"column":339}}]},"4":{"line":7,"type":"binary-expr","locations":[{"start":{"line":7,"column":343},"end":{"line":7,"column":346}},{"start":{"line":7,"column":350},"end":{"line":7,"column":362}}]},"5":{"line":7,"type":"if","locations":[{"start":{"line":7,"column":392},"end":{"line":7,"column":392}},{"start":{"line":7,"column":392},"end":{"line":7,"column":392}}]},"6":{"line":7,"type":"if","locations":[{"start":{"line":7,"column":456},"end":{"line":7,"column":456}},{"start":{"line":7,"column":456},"end":{"line":7,"column":456}}]},"7":{"line":7,"type":"if","locations":[{"start":{"line":7,"column":501},"end":{"line":7,"column":501}},{"start":{"line":7,"column":501},"end":{"line":7,"column":501}}]},"8":{"line":9,"type":"binary-expr","locations":[{"start":{"line":9,"column":15},"end":{"line":9,"column":28}},{"start":{"line":9,"column":32},"end":{"line":9,"column":256}}]},"9":{"line":9,"type":"if","locations":[{"start":{"line":9,"column":150},"end":{"line":9,"column":150}},{"start":{"line":9,"column":150},"end":{"line":9,"column":150}}]},"10":{"line":13,"type":"if","locations":[{"start":{"line":13,"column":35},"end":{"line":13,"column":35}},{"start":{"line":13,"column":35},"end":{"line":13,"column":35}}]},"11":{"line":25,"type":"cond-expr","locations":[{"start":{"line":25,"column":72},"end":{"line":25,"column":84}},{"start":{"line":25,"column":87},"end":{"line":25,"column":89}}]},"12":{"line":25,"type":"binary-expr","locations":[{"start":{"line":25,"column":19},"end":{"line":25,"column":39}},{"start":{"line":25,"column":43},"end":{"line":25,"column":69}}]}},"code":["\"use strict\";","","Object.defineProperty(exports, \"__esModule\", {","    value: true","});","","var _slicedToArray = function () { function sliceIterator(arr, i) { var _arr = []; var _n = true; var _d = false; var _e = undefined; try { for (var _i = arr[Symbol.iterator](), _s; !(_n = (_s = _i.next()).done); _n = true) { _arr.push(_s.value); if (i && _arr.length === i) break; } } catch (err) { _d = true; _e = err; } finally { try { if (!_n && _i[\"return\"]) _i[\"return\"](); } finally { if (_d) throw _e; } } return _arr; } return function (arr, i) { if (Array.isArray(arr)) { return arr; } else if (Symbol.iterator in Object(arr)) { return sliceIterator(arr, i); } else { throw new TypeError(\"Invalid attempt to destructure non-iterable instance\"); } }; }();","","var _extends = Object.assign || function (target) { for (var i = 1; i < arguments.length; i++) { var source = arguments[i]; for (var key in source) { if (Object.prototype.hasOwnProperty.call(source, key)) { target[key] = source[key]; } } } return target; };","","exports.default = withCloning;","","function _toConsumableArray(arr) { if (Array.isArray(arr)) { for (var i = 0, arr2 = Array(arr.length); i < arr.length; i++) { arr2[i] = arr[i]; } return arr2; } else { return Array.from(arr); } }","","function withCloning(router, createRouter) {","    router.clone = clone;","","    /**","     * Clone the current router configuration. The new returned router will be non-started,","     * with a null state","     * @param  {[type]} deps [description]","     * @return {[type]}      [description]","     */","    function clone() {","        var deps = arguments.length > 0 && arguments[0] !== undefined ? arguments[0] : {};","","        var clonedDependencies = _extends({}, router.getDependencies(), deps);","        var clonedRouter = createRouter(router.rootNode, router.getOptions(), clonedDependencies);","","        clonedRouter.useMiddleware.apply(clonedRouter, _toConsumableArray(router.getMiddlewareFactories()));","        clonedRouter.usePlugin.apply(clonedRouter, _toConsumableArray(router.getPlugins()));","","        var _router$getLifecycleF = router.getLifecycleFactories(),","            _router$getLifecycleF2 = _slicedToArray(_router$getLifecycleF, 2),","            canDeactivateFactories = _router$getLifecycleF2[0],","            canActivateFactories = _router$getLifecycleF2[1];","","        Object.keys(canDeactivateFactories).forEach(function (name) {","            return clonedRouter.canDeactivate(name, canDeactivateFactories[name]);","        });","        Object.keys(canActivateFactories).forEach(function (name) {","            return clonedRouter.canActivate(name, canActivateFactories[name]);","        });","","        return clonedRouter;","    }","};"],"l":{"3":1,"7":1,"9":1,"11":1,"13":1,"15":1,"16":0,"24":1,"25":0,"27":0,"28":0,"30":0,"31":0,"33":0,"38":0,"39":0,"41":0,"42":0,"45":0}},"/home/travis/build/npmtest/node-npmtest-router5/node_modules/router5/plugins/logger/index.js":{"path":"/home/travis/build/npmtest/node-npmtest-router5/node_modules/router5/plugins/logger/index.js","s":{"1":1,"2":1,"3":0,"4":0,"5":0,"6":0,"7":0,"8":0,"9":0,"10":0,"11":0,"12":0,"13":0,"14":0,"15":0,"16":0,"17":0,"18":0,"19":0,"20":0,"21":1,"22":1},"b":{},"f":{"1":0,"2":0,"3":0,"4":0,"5":0,"6":0,"7":0,"8":0},"fnMap":{"1":{"name":"loggerPlugin","line":9,"loc":{"start":{"line":9,"column":0},"end":{"line":9,"column":24}},"skip":true},"2":{"name":"startGroup","line":10,"loc":{"start":{"line":10,"column":21},"end":{"line":10,"column":43}},"skip":true},"3":{"name":"endGroup","line":13,"loc":{"start":{"line":13,"column":19},"end":{"line":13,"column":39}},"skip":true},"4":{"name":"onStop","line":20,"loc":{"start":{"line":20,"column":16},"end":{"line":20,"column":34}},"skip":true},"5":{"name":"onTransitionStart","line":23,"loc":{"start":{"line":23,"column":27},"end":{"line":23,"column":74}},"skip":true},"6":{"name":"onTransitionCancel","line":31,"loc":{"start":{"line":31,"column":28},"end":{"line":31,"column":58}},"skip":true},"7":{"name":"onTransitionError","line":34,"loc":{"start":{"line":34,"column":27},"end":{"line":34,"column":79}},"skip":true},"8":{"name":"onTransitionSuccess","line":38,"loc":{"start":{"line":38,"column":29},"end":{"line":38,"column":60}},"skip":true}},"statementMap":{"1":{"start":{"line":3,"column":0},"end":{"line":5,"column":3}},"2":{"start":{"line":9,"column":0},"end":{"line":43,"column":1},"skip":true},"3":{"start":{"line":10,"column":4},"end":{"line":12,"column":6},"skip":true},"4":{"start":{"line":11,"column":8},"end":{"line":11,"column":50},"skip":true},"5":{"start":{"line":13,"column":4},"end":{"line":15,"column":6},"skip":true},"6":{"start":{"line":14,"column":8},"end":{"line":14,"column":53},"skip":true},"7":{"start":{"line":17,"column":4},"end":{"line":17,"column":35},"skip":true},"8":{"start":{"line":19,"column":4},"end":{"line":42,"column":6},"skip":true},"9":{"start":{"line":21,"column":12},"end":{"line":21,"column":43},"skip":true},"10":{"start":{"line":24,"column":12},"end":{"line":24,"column":23},"skip":true},"11":{"start":{"line":25,"column":12},"end":{"line":25,"column":25},"skip":true},"12":{"start":{"line":26,"column":12},"end":{"line":26,"column":57},"skip":true},"13":{"start":{"line":27,"column":12},"end":{"line":27,"column":35},"skip":true},"14":{"start":{"line":28,"column":12},"end":{"line":28,"column":36},"skip":true},"15":{"start":{"line":29,"column":12},"end":{"line":29,"column":33},"skip":true},"16":{"start":{"line":32,"column":12},"end":{"line":32,"column":49},"skip":true},"17":{"start":{"line":35,"column":12},"end":{"line":35,"column":67},"skip":true},"18":{"start":{"line":36,"column":12},"end":{"line":36,"column":23},"skip":true},"19":{"start":{"line":39,"column":12},"end":{"line":39,"column":46},"skip":true},"20":{"start":{"line":40,"column":12},"end":{"line":40,"column":23},"skip":true},"21":{"start":{"line":45,"column":0},"end":{"line":45,"column":42}},"22":{"start":{"line":47,"column":0},"end":{"line":47,"column":31}}},"branchMap":{},"code":["'use strict';","","Object.defineProperty(exports, \"__esModule\", {","    value: true","});","/* istanbul ignore next */","/*eslint no-console: 0*/","","function loggerPlugin() {","    var startGroup = function startGroup() {","        return console.group('Router transition');","    };","    var endGroup = function endGroup() {","        return console.groupEnd('Router transition');","    };","","    console.info('Router started');","","    return {","        onStop: function onStop() {","            console.info('Router stopped');","        },","        onTransitionStart: function onTransitionStart(toState, fromState) {","            endGroup();","            startGroup();","            console.log('Transition started from state');","            console.log(fromState);","            console.log('To state');","            console.log(toState);","        },","        onTransitionCancel: function onTransitionCancel() {","            console.warn('Transition cancelled');","        },","        onTransitionError: function onTransitionError(toState, fromState, err) {","            console.warn('Transition error with code ' + err.code);","            endGroup();","        },","        onTransitionSuccess: function onTransitionSuccess() {","            console.log('Transition success');","            endGroup();","        }","    };","};","","loggerPlugin.pluginName = 'LOGGER_PLUGIN';","","exports.default = loggerPlugin;"],"l":{"3":1,"9":1,"10":1,"11":1,"13":1,"14":1,"17":1,"19":1,"21":1,"24":1,"25":1,"26":1,"27":1,"28":1,"29":1,"32":1,"35":1,"36":1,"39":1,"40":1,"45":1,"47":1}},"/home/travis/build/npmtest/node-npmtest-router5/node_modules/router5/plugins/browser/browser.js":{"path":"/home/travis/build/npmtest/node-npmtest-router5/node_modules/router5/plugins/browser/browser.js","s":{"1":1,"2":1,"3":3,"4":0,"5":1,"6":1,"7":1,"8":0,"9":1,"10":0,"11":1,"12":0,"13":1,"14":0,"15":1,"16":0,"17":1,"18":0,"19":0,"20":1,"21":0,"22":1,"23":1,"24":0,"25":1,"26":1},"b":{"1":[1,0],"2":[0,0],"3":[0,0],"4":[0,1]},"f":{"1":3,"2":0,"3":0,"4":0,"5":0,"6":0,"7":0,"8":0,"9":0,"10":0},"fnMap":{"1":{"name":"identity","line":10,"loc":{"start":{"line":10,"column":15},"end":{"line":10,"column":38}},"skip":true},"2":{"name":"(anonymous_2)","line":11,"loc":{"start":{"line":11,"column":11},"end":{"line":11,"column":23}},"skip":true},"3":{"name":"noop","line":16,"loc":{"start":{"line":16,"column":11},"end":{"line":16,"column":27}},"skip":true},"4":{"name":"getBase","line":26,"loc":{"start":{"line":26,"column":14},"end":{"line":26,"column":33}}},"5":{"name":"pushState","line":30,"loc":{"start":{"line":30,"column":16},"end":{"line":30,"column":55}}},"6":{"name":"replaceState","line":34,"loc":{"start":{"line":34,"column":19},"end":{"line":34,"column":61}}},"7":{"name":"addPopstateListener","line":38,"loc":{"start":{"line":38,"column":26},"end":{"line":38,"column":59}}},"8":{"name":"removePopstateListener","line":42,"loc":{"start":{"line":42,"column":29},"end":{"line":42,"column":65}}},"9":{"name":"getLocation","line":46,"loc":{"start":{"line":46,"column":18},"end":{"line":46,"column":45}}},"10":{"name":"getState","line":51,"loc":{"start":{"line":51,"column":15},"end":{"line":51,"column":35}}}},"statementMap":{"1":{"start":{"line":3,"column":0},"end":{"line":5,"column":3}},"2":{"start":{"line":10,"column":0},"end":{"line":14,"column":2},"skip":true},"3":{"start":{"line":11,"column":4},"end":{"line":13,"column":6},"skip":true},"4":{"start":{"line":12,"column":8},"end":{"line":12,"column":19},"skip":true},"5":{"start":{"line":16,"column":0},"end":{"line":16,"column":30},"skip":true},"6":{"start":{"line":21,"column":0},"end":{"line":21,"column":64}},"7":{"start":{"line":26,"column":0},"end":{"line":28,"column":2}},"8":{"start":{"line":27,"column":4},"end":{"line":27,"column":55}},"9":{"start":{"line":30,"column":0},"end":{"line":32,"column":2}},"10":{"start":{"line":31,"column":4},"end":{"line":31,"column":56}},"11":{"start":{"line":34,"column":0},"end":{"line":36,"column":2}},"12":{"start":{"line":35,"column":4},"end":{"line":35,"column":59}},"13":{"start":{"line":38,"column":0},"end":{"line":40,"column":2}},"14":{"start":{"line":39,"column":4},"end":{"line":39,"column":51}},"15":{"start":{"line":42,"column":0},"end":{"line":44,"column":2}},"16":{"start":{"line":43,"column":4},"end":{"line":43,"column":54}},"17":{"start":{"line":46,"column":0},"end":{"line":49,"column":2}},"18":{"start":{"line":47,"column":4},"end":{"line":47,"column":167}},"19":{"start":{"line":48,"column":4},"end":{"line":48,"column":50}},"20":{"start":{"line":51,"column":0},"end":{"line":53,"column":2}},"21":{"start":{"line":52,"column":4},"end":{"line":52,"column":32}},"22":{"start":{"line":58,"column":0},"end":{"line":58,"column":17}},"23":{"start":{"line":59,"column":0},"end":{"line":72,"column":1}},"24":{"start":{"line":60,"column":4},"end":{"line":60,"column":221}},"25":{"start":{"line":63,"column":4},"end":{"line":71,"column":6},"skip":true},"26":{"start":{"line":74,"column":0},"end":{"line":74,"column":26}}},"branchMap":{"1":{"line":21,"type":"binary-expr","locations":[{"start":{"line":21,"column":16},"end":{"line":21,"column":45}},{"start":{"line":21,"column":49},"end":{"line":21,"column":63}}]},"2":{"line":47,"type":"cond-expr","locations":[{"start":{"line":47,"column":30},"end":{"line":47,"column":98}},{"start":{"line":47,"column":101},"end":{"line":47,"column":166}}]},"3":{"line":48,"type":"binary-expr","locations":[{"start":{"line":48,"column":12},"end":{"line":48,"column":16}},{"start":{"line":48,"column":20},"end":{"line":48,"column":23}}]},"4":{"line":59,"type":"if","locations":[{"start":{"line":59,"column":0},"end":{"line":59,"column":0}},{"start":{"line":59,"column":0},"end":{"line":59,"column":0}}]}},"code":["'use strict';","","Object.defineProperty(exports, \"__esModule\", {","    value: true","});","/**"," * Dumb functions"," */","// istanbul ignore next","var identity = function identity(arg) {","    return function () {","        return arg;","    };","};","// istanbul ignore next","var noop = function noop() {};","","/**"," * Browser detection"," */","var isBrowser = typeof window !== 'undefined' && window.history;","","/**"," * Browser functions needed by router5"," */","var getBase = function getBase() {","    return window.location.pathname.replace(/\\/$/, '');","};","","var pushState = function pushState(state, title, path) {","    return window.history.pushState(state, title, path);","};","","var replaceState = function replaceState(state, title, path) {","    return window.history.replaceState(state, title, path);","};","","var addPopstateListener = function addPopstateListener(fn) {","    return window.addEventListener('popstate', fn);","};","","var removePopstateListener = function removePopstateListener(fn) {","    return window.removeEventListener('popstate', fn);","};","","var getLocation = function getLocation(opts) {","    var path = opts.useHash ? window.location.hash.replace(new RegExp('^#' + opts.hashPrefix), '') : window.location.pathname.replace(new RegExp('^' + opts.base), '');","    return (path || '/') + window.location.search;","};","","var getState = function getState() {","    return window.history.state;","};","","/**"," * Export browser object"," */","var browser = {};","if (isBrowser) {","    browser = { getBase: getBase, pushState: pushState, replaceState: replaceState, addPopstateListener: addPopstateListener, removePopstateListener: removePopstateListener, getLocation: getLocation, getState: getState };","} else {","    // istanbul ignore next","    browser = {","        getBase: identity(''),","        pushState: noop,","        replaceState: noop,","        addPopstateListener: noop,","        removePopstateListener: noop,","        getLocation: identity(''),","        getState: identity(null)","    };","}","","exports.default = browser;"],"l":{"3":1,"10":1,"11":3,"12":1,"16":1,"21":1,"26":1,"27":0,"30":1,"31":0,"34":1,"35":0,"38":1,"39":0,"42":1,"43":0,"46":1,"47":0,"48":0,"51":1,"52":0,"58":1,"59":1,"60":0,"63":1,"74":1}}}